<?xml version="1.0" encoding="UTF-8"?>
<testsuite xmlns:xsi="http://www.w3.org/2001/XMLSchema-instance" xsi:noNamespaceSchemaLocation="https://maven.apache.org/surefire/maven-surefire-plugin/xsd/surefire-test-report.xsd" name="conduitApp.ConduitTest" time="8.183" tests="12" errors="0" skipped="0" failures="12">
  <properties>
[...]
</properties>
  <testcase name="testAll[1][1]" classname="conduitApp.ConduitTest" time="2.768">
    <failure message="&gt;&gt; classpath:conduitApp/feature/Articles.feature:21&#10;&gt;&gt; karate-config.js failed&#10;&gt;&gt; js failed:&#10;&gt;&gt;&gt;&gt;&#10;01: function fn() {&#10;02:   var env = karate.env; // get system property &apos;karate.env&apos;&#10;03:   karate.log(&apos;karate.env system property was:&apos;, env);&#10;04:   if (!env) {&#10;05:     env = &apos;dev&apos;;&#10;06:   }&#10;07:   var config = {&#10;08:     &#10;09:     apiUrl: &apos;https://api.realworld.io/api/&apos;&#10;10:   }&#10;11:   if (env == &apos;dev&apos;) {&#10;12:     &#10;13:     config.userEmail = &apos;javierkarate1@test.com&apos;&#10;14:     config.userPassword = &apos;karate1234&apos;&#10;15: &#10;16:   } if (env == &apos;qa&apos;) {&#10;17: &#10;18:     config.userEmail = &apos;javierkarate2@test.com&apos;&#10;19:     config.userPassword = &apos;karate1234&apos;&#10;20:   }&#10;21: &#10;22:   var accesToken = karate.callSingle(&apos;classpath:helpers/CreateToken.feature&apos;, config).authToken&#10;23:   karate.configure(&apos;headers&apos;,{Authorization: &apos;Token &apos; + accesToken})&#10;24:   &#10;25: &#10;26:   return config;&#10;27: }&#10;&lt;&lt;&lt;&lt;&#10;org.graalvm.polyglot.PolyglotException: status code was: 403, expected: 200, response time in milliseconds: 757, url: https://api.realworld.io/api/users/login, response: &#10;{&quot;errors&quot;:{&quot;email or password&quot;:[&quot;is invalid&quot;]}}&#10;classpath:helpers/CreateToken.feature:8&#10;- com.intuit.karate.core.ScenarioBridge.callSingle(ScenarioBridge.java:234)&#10;- &lt;js&gt;.fn(Unnamed:22)&#10;&#10;js failed:&#10;&gt;&gt;&gt;&gt;&#10;01: function fn() {&#10;02:   var env = karate.env; // get system property &apos;karate.env&apos;&#10;03:   karate.log(&apos;karate.env system property was:&apos;, env);&#10;04:   if (!env) {&#10;05:     env = &apos;dev&apos;;&#10;06:   }&#10;07:   var config = {&#10;08:     &#10;09:     apiUrl: &apos;https://api.realworld.io/api/&apos;&#10;10:   }&#10;11:   if (env == &apos;dev&apos;) {&#10;12:     &#10;13:     config.userEmail = &apos;javierkarate1@test.com&apos;&#10;14:     config.userPassword = &apos;karate1234&apos;&#10;15: &#10;16:   } if (env == &apos;qa&apos;) {&#10;17: &#10;18:     config.userEmail = &apos;javierkarate2@test.com&apos;&#10;19:     config.userPassword = &apos;karate1234&apos;&#10;20:   }&#10;21: &#10;22:   var accesToken = karate.callSingle(&apos;classpath:helpers/CreateToken.feature&apos;, config).authToken&#10;23:   karate.configure(&apos;headers&apos;,{Authorization: &apos;Token &apos; + accesToken})&#10;24:   &#10;25: &#10;26:   return config;&#10;27: }&#10;&lt;&lt;&lt;&lt;&#10;com.intuit.karate.KarateException: js failed:&#10;&gt;&gt;&gt;&gt;&#10;01: function fn() {&#10;02:   var env = karate.env; // get system property &apos;karate.env&apos;&#10;03:   karate.log(&apos;karate.env system property was:&apos;, env);&#10;04:   if (!env) {&#10;05:     env = &apos;dev&apos;;&#10;06:   }&#10;07:   var config = {&#10;08:     &#10;09:     apiUrl: &apos;https://api.realworld.io/api/&apos;&#10;10:   }&#10;11:   if (env == &apos;dev&apos;) {&#10;12:     &#10;13:     config.userEmail = &apos;javierkarate1@test.com&apos;&#10;14:     config.userPassword = &apos;karate1234&apos;&#10;15: &#10;16:   } if (env == &apos;qa&apos;) {&#10;17: &#10;18:     config.userEmail = &apos;javierkarate2@test.com&apos;&#10;19:     config.userPassword = &apos;karate1234&apos;&#10;20:   }&#10;21: &#10;22:   var accesToken = karate.callSingle(&apos;classpath:helpers/CreateToken.feature&apos;, config).authToken&#10;23:   karate.configure(&apos;headers&apos;,{Authorization: &apos;Token &apos; + accesToken})&#10;24:   &#10;25: &#10;26:   return config;&#10;27: }&#10;&lt;&lt;&lt;&lt;&#10;org.graalvm.polyglot.PolyglotException: status code was: 403, expected: 200, response time in milliseconds: 757, url: https://api.realworld.io/api/users/login, response: &#10;{&quot;errors&quot;:{&quot;email or password&quot;:[&quot;is invalid&quot;]}}&#10;classpath:helpers/CreateToken.feature:8&#10;- com.intuit.karate.core.ScenarioBridge.callSingle(ScenarioBridge.java:234)&#10;- &lt;js&gt;.fn(Unnamed:22)&#10;&#10;- com.intuit.karate.graal.JsEngine.fromJsEvalException(JsEngine.java:230)&#10;- com.intuit.karate.core.ScenarioEngine.executeJsValue(ScenarioEngine.java:1244)&#10;- com.intuit.karate.core.ScenarioEngine.executeFunction(ScenarioEngine.java:1227)&#10;- com.intuit.karate.core.ScenarioEngine.getOrEvalAsMap(ScenarioEngine.java:1216)&#10;- com.intuit.karate.core.ScenarioRuntime.evalConfigJs(ScenarioRuntime.java:291)&#10;- com.intuit.karate.core.ScenarioRuntime.beforeRun(ScenarioRuntime.java:369)&#10;- com.intuit.karate.core.ScenarioRuntime.run(ScenarioRuntime.java:395)&#10;&#10;classpath:conduitApp/feature/Articles.feature:5&#10;classpath:conduitApp/feature/Articles.feature:6&#10;classpath:conduitApp/feature/Articles.feature:7&#10;classpath:conduitApp/feature/Articles.feature:8&#10;classpath:conduitApp/feature/Articles.feature:9&#10;classpath:conduitApp/feature/Articles.feature:10&#10;classpath:conduitApp/feature/Articles.feature:23&#10;classpath:conduitApp/feature/Articles.feature:24&#10;classpath:conduitApp/feature/Articles.feature:25&#10;classpath:conduitApp/feature/Articles.feature:26&#10;classpath:conduitApp/feature/Articles.feature:27" type="org.opentest4j.AssertionFailedError"><![CDATA[org.opentest4j.AssertionFailedError: 
>> classpath:conduitApp/feature/Articles.feature:21
>> karate-config.js failed
>> js failed:
>>>>
01: function fn() {
02:   var env = karate.env; // get system property 'karate.env'
03:   karate.log('karate.env system property was:', env);
04:   if (!env) {
05:     env = 'dev';
06:   }
07:   var config = {
08:     
09:     apiUrl: 'https://api.realworld.io/api/'
10:   }
11:   if (env == 'dev') {
12:     
13:     config.userEmail = 'javierkarate1@test.com'
14:     config.userPassword = 'karate1234'
15: 
16:   } if (env == 'qa') {
17: 
18:     config.userEmail = 'javierkarate2@test.com'
19:     config.userPassword = 'karate1234'
20:   }
21: 
22:   var accesToken = karate.callSingle('classpath:helpers/CreateToken.feature', config).authToken
23:   karate.configure('headers',{Authorization: 'Token ' + accesToken})
24:   
25: 
26:   return config;
27: }
<<<<
org.graalvm.polyglot.PolyglotException: status code was: 403, expected: 200, response time in milliseconds: 757, url: https://api.realworld.io/api/users/login, response: 
{"errors":{"email or password":["is invalid"]}}
classpath:helpers/CreateToken.feature:8
- com.intuit.karate.core.ScenarioBridge.callSingle(ScenarioBridge.java:234)
- <js>.fn(Unnamed:22)

js failed:
>>>>
01: function fn() {
02:   var env = karate.env; // get system property 'karate.env'
03:   karate.log('karate.env system property was:', env);
04:   if (!env) {
05:     env = 'dev';
06:   }
07:   var config = {
08:     
09:     apiUrl: 'https://api.realworld.io/api/'
10:   }
11:   if (env == 'dev') {
12:     
13:     config.userEmail = 'javierkarate1@test.com'
14:     config.userPassword = 'karate1234'
15: 
16:   } if (env == 'qa') {
17: 
18:     config.userEmail = 'javierkarate2@test.com'
19:     config.userPassword = 'karate1234'
20:   }
21: 
22:   var accesToken = karate.callSingle('classpath:helpers/CreateToken.feature', config).authToken
23:   karate.configure('headers',{Authorization: 'Token ' + accesToken})
24:   
25: 
26:   return config;
27: }
<<<<
com.intuit.karate.KarateException: js failed:
>>>>
01: function fn() {
02:   var env = karate.env; // get system property 'karate.env'
03:   karate.log('karate.env system property was:', env);
04:   if (!env) {
05:     env = 'dev';
06:   }
07:   var config = {
08:     
09:     apiUrl: 'https://api.realworld.io/api/'
10:   }
11:   if (env == 'dev') {
12:     
13:     config.userEmail = 'javierkarate1@test.com'
14:     config.userPassword = 'karate1234'
15: 
16:   } if (env == 'qa') {
17: 
18:     config.userEmail = 'javierkarate2@test.com'
19:     config.userPassword = 'karate1234'
20:   }
21: 
22:   var accesToken = karate.callSingle('classpath:helpers/CreateToken.feature', config).authToken
23:   karate.configure('headers',{Authorization: 'Token ' + accesToken})
24:   
25: 
26:   return config;
27: }
<<<<
org.graalvm.polyglot.PolyglotException: status code was: 403, expected: 200, response time in milliseconds: 757, url: https://api.realworld.io/api/users/login, response: 
{"errors":{"email or password":["is invalid"]}}
classpath:helpers/CreateToken.feature:8
- com.intuit.karate.core.ScenarioBridge.callSingle(ScenarioBridge.java:234)
- <js>.fn(Unnamed:22)

- com.intuit.karate.graal.JsEngine.fromJsEvalException(JsEngine.java:230)
- com.intuit.karate.core.ScenarioEngine.executeJsValue(ScenarioEngine.java:1244)
- com.intuit.karate.core.ScenarioEngine.executeFunction(ScenarioEngine.java:1227)
- com.intuit.karate.core.ScenarioEngine.getOrEvalAsMap(ScenarioEngine.java:1216)
- com.intuit.karate.core.ScenarioRuntime.evalConfigJs(ScenarioRuntime.java:291)
- com.intuit.karate.core.ScenarioRuntime.beforeRun(ScenarioRuntime.java:369)
- com.intuit.karate.core.ScenarioRuntime.run(ScenarioRuntime.java:395)

classpath:conduitApp/feature/Articles.feature:5
classpath:conduitApp/feature/Articles.feature:6
classpath:conduitApp/feature/Articles.feature:7
classpath:conduitApp/feature/Articles.feature:8
classpath:conduitApp/feature/Articles.feature:9
classpath:conduitApp/feature/Articles.feature:10
classpath:conduitApp/feature/Articles.feature:23
classpath:conduitApp/feature/Articles.feature:24
classpath:conduitApp/feature/Articles.feature:25
classpath:conduitApp/feature/Articles.feature:26
classpath:conduitApp/feature/Articles.feature:27
]]></failure>
    <system-out><![CDATA[21:03:27.120 [main] DEBUG com.intuit.karate.Suite - [config] classpath:karate-config.js
21:03:28.314 [main] INFO  com.intuit.karate - karate.env system property was: null 
21:03:28.336 [main] INFO  com.intuit.karate - >> lock acquired, begin callSingle: classpath:helpers/CreateToken.feature
21:03:29.113 [main] DEBUG com.intuit.karate - request:
1 > POST https://api.realworld.io/api/users/login
1 > Content-Type: application/json; charset=UTF-8
1 > Content-Length: 67
1 > Host: api.realworld.io
1 > Connection: Keep-Alive
1 > User-Agent: Apache-HttpClient/4.5.13 (Java/1.8.0_331)
1 > Accept-Encoding: gzip,deflate
{"user":{"email":"javierkarate1@test.com","password":"karate1234"}}

21:03:29.879 [main] DEBUG com.intuit.karate - response time in milliseconds: 757
1 < 403
1 < Date: Thu, 11 Jan 2024 00:03:29 GMT
1 < Content-Type: application/json; charset=utf-8
1 < Content-Length: 47
1 < Connection: keep-alive
1 < Report-To: {"group":"heroku-nel","max_age":3600,"endpoints":[{"url":"https://nel.heroku.com/reports?ts=1704931409&sid=c46efe9b-d3d2-4a0c-8c76-bfafa16c5add&s=5389d8uXdPfWU5CpnF%2FPb0ErZC2awRcLszUERmymYVU%3D"}]}
1 < Reporting-Endpoints: heroku-nel=https://nel.heroku.com/reports?ts=1704931409&sid=c46efe9b-d3d2-4a0c-8c76-bfafa16c5add&s=5389d8uXdPfWU5CpnF%2FPb0ErZC2awRcLszUERmymYVU%3D
1 < Nel: {"report_to":"heroku-nel","max_age":3600,"success_fraction":0.005,"failure_fraction":0.05,"response_headers":["Via"]}
1 < X-Powered-By: Express
1 < Access-Control-Allow-Origin: *
1 < Etag: W/"2f-83PWxEwXkLR3WfVjo3wqB0FwKlU"
1 < Via: 1.1 vegur
1 < CF-Cache-Status: DYNAMIC
1 < Server: cloudflare
1 < CF-RAY: 8438e59b08976f2f-SCL
1 < alt-svc: h3=":443"; ma=86400
{"errors":{"email or password":["is invalid"]}}
21:03:29.891 [main] ERROR com.intuit.karate - classpath:helpers/CreateToken.feature:8
Then status 200
status code was: 403, expected: 200, response time in milliseconds: 757, url: https://api.realworld.io/api/users/login, response: 
{"errors":{"email or password":["is invalid"]}}
classpath:helpers/CreateToken.feature:8
21:03:29.896 [main] WARN  com.intuit.karate - callSingle() will cache an exception
21:03:29.897 [main] INFO  com.intuit.karate - << lock released, cached callSingle: classpath:helpers/CreateToken.feature
21:03:29.897 [main] WARN  com.intuit.karate - callSingle() cached result is an exception
21:03:29.932 [main] ERROR com.intuit.karate - classpath:conduitApp/feature/Articles.feature:5
* url apiUrl
>> classpath:conduitApp/feature/Articles.feature:21
>> karate-config.js failed
>> js failed:
>>>>
01: function fn() {
02:   var env = karate.env; // get system property 'karate.env'
03:   karate.log('karate.env system property was:', env);
04:   if (!env) {
05:     env = 'dev';
06:   }
07:   var config = {
08:     
09:     apiUrl: 'https://api.realworld.io/api/'
10:   }
11:   if (env == 'dev') {
12:     
13:     config.userEmail = 'javierkarate1@test.com'
14:     config.userPassword = 'karate1234'
15: 
16:   } if (env == 'qa') {
17: 
18:     config.userEmail = 'javierkarate2@test.com'
19:     config.userPassword = 'karate1234'
20:   }
21: 
22:   var accesToken = karate.callSingle('classpath:helpers/CreateToken.feature', config).authToken
23:   karate.configure('headers',{Authorization: 'Token ' + accesToken})
24:   
25: 
26:   return config;
27: }
<<<<
org.graalvm.polyglot.PolyglotException: status code was: 403, expected: 200, response time in milliseconds: 757, url: https://api.realworld.io/api/users/login, response: 
{"errors":{"email or password":["is invalid"]}}
classpath:helpers/CreateToken.feature:8
- com.intuit.karate.core.ScenarioBridge.callSingle(ScenarioBridge.java:234)
- <js>.fn(Unnamed:22)

js failed:
>>>>
01: function fn() {
02:   var env = karate.env; // get system property 'karate.env'
03:   karate.log('karate.env system property was:', env);
04:   if (!env) {
05:     env = 'dev';
06:   }
07:   var config = {
08:     
09:     apiUrl: 'https://api.realworld.io/api/'
10:   }
11:   if (env == 'dev') {
12:     
13:     config.userEmail = 'javierkarate1@test.com'
14:     config.userPassword = 'karate1234'
15: 
16:   } if (env == 'qa') {
17: 
18:     config.userEmail = 'javierkarate2@test.com'
19:     config.userPassword = 'karate1234'
20:   }
21: 
22:   var accesToken = karate.callSingle('classpath:helpers/CreateToken.feature', config).authToken
23:   karate.configure('headers',{Authorization: 'Token ' + accesToken})
24:   
25: 
26:   return config;
27: }
<<<<
com.intuit.karate.KarateException: js failed:
>>>>
01: function fn() {
02:   var env = karate.env; // get system property 'karate.env'
03:   karate.log('karate.env system property was:', env);
04:   if (!env) {
05:     env = 'dev';
06:   }
07:   var config = {
08:     
09:     apiUrl: 'https://api.realworld.io/api/'
10:   }
11:   if (env == 'dev') {
12:     
13:     config.userEmail = 'javierkarate1@test.com'
14:     config.userPassword = 'karate1234'
15: 
16:   } if (env == 'qa') {
17: 
18:     config.userEmail = 'javierkarate2@test.com'
19:     config.userPassword = 'karate1234'
20:   }
21: 
22:   var accesToken = karate.callSingle('classpath:helpers/CreateToken.feature', config).authToken
23:   karate.configure('headers',{Authorization: 'Token ' + accesToken})
24:   
25: 
26:   return config;
27: }
<<<<
org.graalvm.polyglot.PolyglotException: status code was: 403, expected: 200, response time in milliseconds: 757, url: https://api.realworld.io/api/users/login, response: 
{"errors":{"email or password":["is invalid"]}}
classpath:helpers/CreateToken.feature:8
- com.intuit.karate.core.ScenarioBridge.callSingle(ScenarioBridge.java:234)
- <js>.fn(Unnamed:22)

- com.intuit.karate.graal.JsEngine.fromJsEvalException(JsEngine.java:230)
- com.intuit.karate.core.ScenarioEngine.executeJsValue(ScenarioEngine.java:1244)
- com.intuit.karate.core.ScenarioEngine.executeFunction(ScenarioEngine.java:1227)
- com.intuit.karate.core.ScenarioEngine.getOrEvalAsMap(ScenarioEngine.java:1216)
- com.intuit.karate.core.ScenarioRuntime.evalConfigJs(ScenarioRuntime.java:291)
- com.intuit.karate.core.ScenarioRuntime.beforeRun(ScenarioRuntime.java:369)
- com.intuit.karate.core.ScenarioRuntime.run(ScenarioRuntime.java:395)

classpath:conduitApp/feature/Articles.feature:5
21:03:29.933 [main] ERROR com.intuit.karate - classpath:conduitApp/feature/Articles.feature:6
* def articleRequestBody = read('classpath:conduitApp/json/newArticleRequest.json')
>> classpath:conduitApp/feature/Articles.feature:21
>> karate-config.js failed
>> js failed:
>>>>
01: function fn() {
02:   var env = karate.env; // get system property 'karate.env'
03:   karate.log('karate.env system property was:', env);
04:   if (!env) {
05:     env = 'dev';
06:   }
07:   var config = {
08:     
09:     apiUrl: 'https://api.realworld.io/api/'
10:   }
11:   if (env == 'dev') {
12:     
13:     config.userEmail = 'javierkarate1@test.com'
14:     config.userPassword = 'karate1234'
15: 
16:   } if (env == 'qa') {
17: 
18:     config.userEmail = 'javierkarate2@test.com'
19:     config.userPassword = 'karate1234'
20:   }
21: 
22:   var accesToken = karate.callSingle('classpath:helpers/CreateToken.feature', config).authToken
23:   karate.configure('headers',{Authorization: 'Token ' + accesToken})
24:   
25: 
26:   return config;
27: }
<<<<
org.graalvm.polyglot.PolyglotException: status code was: 403, expected: 200, response time in milliseconds: 757, url: https://api.realworld.io/api/users/login, response: 
{"errors":{"email or password":["is invalid"]}}
classpath:helpers/CreateToken.feature:8
- com.intuit.karate.core.ScenarioBridge.callSingle(ScenarioBridge.java:234)
- <js>.fn(Unnamed:22)

js failed:
>>>>
01: function fn() {
02:   var env = karate.env; // get system property 'karate.env'
03:   karate.log('karate.env system property was:', env);
04:   if (!env) {
05:     env = 'dev';
06:   }
07:   var config = {
08:     
09:     apiUrl: 'https://api.realworld.io/api/'
10:   }
11:   if (env == 'dev') {
12:     
13:     config.userEmail = 'javierkarate1@test.com'
14:     config.userPassword = 'karate1234'
15: 
16:   } if (env == 'qa') {
17: 
18:     config.userEmail = 'javierkarate2@test.com'
19:     config.userPassword = 'karate1234'
20:   }
21: 
22:   var accesToken = karate.callSingle('classpath:helpers/CreateToken.feature', config).authToken
23:   karate.configure('headers',{Authorization: 'Token ' + accesToken})
24:   
25: 
26:   return config;
27: }
<<<<
com.intuit.karate.KarateException: js failed:
>>>>
01: function fn() {
02:   var env = karate.env; // get system property 'karate.env'
03:   karate.log('karate.env system property was:', env);
04:   if (!env) {
05:     env = 'dev';
06:   }
07:   var config = {
08:     
09:     apiUrl: 'https://api.realworld.io/api/'
10:   }
11:   if (env == 'dev') {
12:     
13:     config.userEmail = 'javierkarate1@test.com'
14:     config.userPassword = 'karate1234'
15: 
16:   } if (env == 'qa') {
17: 
18:     config.userEmail = 'javierkarate2@test.com'
19:     config.userPassword = 'karate1234'
20:   }
21: 
22:   var accesToken = karate.callSingle('classpath:helpers/CreateToken.feature', config).authToken
23:   karate.configure('headers',{Authorization: 'Token ' + accesToken})
24:   
25: 
26:   return config;
27: }
<<<<
org.graalvm.polyglot.PolyglotException: status code was: 403, expected: 200, response time in milliseconds: 757, url: https://api.realworld.io/api/users/login, response: 
{"errors":{"email or password":["is invalid"]}}
classpath:helpers/CreateToken.feature:8
- com.intuit.karate.core.ScenarioBridge.callSingle(ScenarioBridge.java:234)
- <js>.fn(Unnamed:22)

- com.intuit.karate.graal.JsEngine.fromJsEvalException(JsEngine.java:230)
- com.intuit.karate.core.ScenarioEngine.executeJsValue(ScenarioEngine.java:1244)
- com.intuit.karate.core.ScenarioEngine.executeFunction(ScenarioEngine.java:1227)
- com.intuit.karate.core.ScenarioEngine.getOrEvalAsMap(ScenarioEngine.java:1216)
- com.intuit.karate.core.ScenarioRuntime.evalConfigJs(ScenarioRuntime.java:291)
- com.intuit.karate.core.ScenarioRuntime.beforeRun(ScenarioRuntime.java:369)
- com.intuit.karate.core.ScenarioRuntime.run(ScenarioRuntime.java:395)

classpath:conduitApp/feature/Articles.feature:5
classpath:conduitApp/feature/Articles.feature:6
21:03:29.934 [main] ERROR com.intuit.karate - classpath:conduitApp/feature/Articles.feature:7
* def dataGenerator = Java.type('helpers.DataGenerator')
>> classpath:conduitApp/feature/Articles.feature:21
>> karate-config.js failed
>> js failed:
>>>>
01: function fn() {
02:   var env = karate.env; // get system property 'karate.env'
03:   karate.log('karate.env system property was:', env);
04:   if (!env) {
05:     env = 'dev';
06:   }
07:   var config = {
08:     
09:     apiUrl: 'https://api.realworld.io/api/'
10:   }
11:   if (env == 'dev') {
12:     
13:     config.userEmail = 'javierkarate1@test.com'
14:     config.userPassword = 'karate1234'
15: 
16:   } if (env == 'qa') {
17: 
18:     config.userEmail = 'javierkarate2@test.com'
19:     config.userPassword = 'karate1234'
20:   }
21: 
22:   var accesToken = karate.callSingle('classpath:helpers/CreateToken.feature', config).authToken
23:   karate.configure('headers',{Authorization: 'Token ' + accesToken})
24:   
25: 
26:   return config;
27: }
<<<<
org.graalvm.polyglot.PolyglotException: status code was: 403, expected: 200, response time in milliseconds: 757, url: https://api.realworld.io/api/users/login, response: 
{"errors":{"email or password":["is invalid"]}}
classpath:helpers/CreateToken.feature:8
- com.intuit.karate.core.ScenarioBridge.callSingle(ScenarioBridge.java:234)
- <js>.fn(Unnamed:22)

js failed:
>>>>
01: function fn() {
02:   var env = karate.env; // get system property 'karate.env'
03:   karate.log('karate.env system property was:', env);
04:   if (!env) {
05:     env = 'dev';
06:   }
07:   var config = {
08:     
09:     apiUrl: 'https://api.realworld.io/api/'
10:   }
11:   if (env == 'dev') {
12:     
13:     config.userEmail = 'javierkarate1@test.com'
14:     config.userPassword = 'karate1234'
15: 
16:   } if (env == 'qa') {
17: 
18:     config.userEmail = 'javierkarate2@test.com'
19:     config.userPassword = 'karate1234'
20:   }
21: 
22:   var accesToken = karate.callSingle('classpath:helpers/CreateToken.feature', config).authToken
23:   karate.configure('headers',{Authorization: 'Token ' + accesToken})
24:   
25: 
26:   return config;
27: }
<<<<
com.intuit.karate.KarateException: js failed:
>>>>
01: function fn() {
02:   var env = karate.env; // get system property 'karate.env'
03:   karate.log('karate.env system property was:', env);
04:   if (!env) {
05:     env = 'dev';
06:   }
07:   var config = {
08:     
09:     apiUrl: 'https://api.realworld.io/api/'
10:   }
11:   if (env == 'dev') {
12:     
13:     config.userEmail = 'javierkarate1@test.com'
14:     config.userPassword = 'karate1234'
15: 
16:   } if (env == 'qa') {
17: 
18:     config.userEmail = 'javierkarate2@test.com'
19:     config.userPassword = 'karate1234'
20:   }
21: 
22:   var accesToken = karate.callSingle('classpath:helpers/CreateToken.feature', config).authToken
23:   karate.configure('headers',{Authorization: 'Token ' + accesToken})
24:   
25: 
26:   return config;
27: }
<<<<
org.graalvm.polyglot.PolyglotException: status code was: 403, expected: 200, response time in milliseconds: 757, url: https://api.realworld.io/api/users/login, response: 
{"errors":{"email or password":["is invalid"]}}
classpath:helpers/CreateToken.feature:8
- com.intuit.karate.core.ScenarioBridge.callSingle(ScenarioBridge.java:234)
- <js>.fn(Unnamed:22)

- com.intuit.karate.graal.JsEngine.fromJsEvalException(JsEngine.java:230)
- com.intuit.karate.core.ScenarioEngine.executeJsValue(ScenarioEngine.java:1244)
- com.intuit.karate.core.ScenarioEngine.executeFunction(ScenarioEngine.java:1227)
- com.intuit.karate.core.ScenarioEngine.getOrEvalAsMap(ScenarioEngine.java:1216)
- com.intuit.karate.core.ScenarioRuntime.evalConfigJs(ScenarioRuntime.java:291)
- com.intuit.karate.core.ScenarioRuntime.beforeRun(ScenarioRuntime.java:369)
- com.intuit.karate.core.ScenarioRuntime.run(ScenarioRuntime.java:395)

classpath:conduitApp/feature/Articles.feature:5
classpath:conduitApp/feature/Articles.feature:6
classpath:conduitApp/feature/Articles.feature:7
21:03:29.934 [main] ERROR com.intuit.karate - classpath:conduitApp/feature/Articles.feature:8
* set articleRequestBody.article.title = dataGenerator.getRandomArticleValues().title
>> classpath:conduitApp/feature/Articles.feature:21
>> karate-config.js failed
>> js failed:
>>>>
01: function fn() {
02:   var env = karate.env; // get system property 'karate.env'
03:   karate.log('karate.env system property was:', env);
04:   if (!env) {
05:     env = 'dev';
06:   }
07:   var config = {
08:     
09:     apiUrl: 'https://api.realworld.io/api/'
10:   }
11:   if (env == 'dev') {
12:     
13:     config.userEmail = 'javierkarate1@test.com'
14:     config.userPassword = 'karate1234'
15: 
16:   } if (env == 'qa') {
17: 
18:     config.userEmail = 'javierkarate2@test.com'
19:     config.userPassword = 'karate1234'
20:   }
21: 
22:   var accesToken = karate.callSingle('classpath:helpers/CreateToken.feature', config).authToken
23:   karate.configure('headers',{Authorization: 'Token ' + accesToken})
24:   
25: 
26:   return config;
27: }
<<<<
org.graalvm.polyglot.PolyglotException: status code was: 403, expected: 200, response time in milliseconds: 757, url: https://api.realworld.io/api/users/login, response: 
{"errors":{"email or password":["is invalid"]}}
classpath:helpers/CreateToken.feature:8
- com.intuit.karate.core.ScenarioBridge.callSingle(ScenarioBridge.java:234)
- <js>.fn(Unnamed:22)

js failed:
>>>>
01: function fn() {
02:   var env = karate.env; // get system property 'karate.env'
03:   karate.log('karate.env system property was:', env);
04:   if (!env) {
05:     env = 'dev';
06:   }
07:   var config = {
08:     
09:     apiUrl: 'https://api.realworld.io/api/'
10:   }
11:   if (env == 'dev') {
12:     
13:     config.userEmail = 'javierkarate1@test.com'
14:     config.userPassword = 'karate1234'
15: 
16:   } if (env == 'qa') {
17: 
18:     config.userEmail = 'javierkarate2@test.com'
19:     config.userPassword = 'karate1234'
20:   }
21: 
22:   var accesToken = karate.callSingle('classpath:helpers/CreateToken.feature', config).authToken
23:   karate.configure('headers',{Authorization: 'Token ' + accesToken})
24:   
25: 
26:   return config;
27: }
<<<<
com.intuit.karate.KarateException: js failed:
>>>>
01: function fn() {
02:   var env = karate.env; // get system property 'karate.env'
03:   karate.log('karate.env system property was:', env);
04:   if (!env) {
05:     env = 'dev';
06:   }
07:   var config = {
08:     
09:     apiUrl: 'https://api.realworld.io/api/'
10:   }
11:   if (env == 'dev') {
12:     
13:     config.userEmail = 'javierkarate1@test.com'
14:     config.userPassword = 'karate1234'
15: 
16:   } if (env == 'qa') {
17: 
18:     config.userEmail = 'javierkarate2@test.com'
19:     config.userPassword = 'karate1234'
20:   }
21: 
22:   var accesToken = karate.callSingle('classpath:helpers/CreateToken.feature', config).authToken
23:   karate.configure('headers',{Authorization: 'Token ' + accesToken})
24:   
25: 
26:   return config;
27: }
<<<<
org.graalvm.polyglot.PolyglotException: status code was: 403, expected: 200, response time in milliseconds: 757, url: https://api.realworld.io/api/users/login, response: 
{"errors":{"email or password":["is invalid"]}}
classpath:helpers/CreateToken.feature:8
- com.intuit.karate.core.ScenarioBridge.callSingle(ScenarioBridge.java:234)
- <js>.fn(Unnamed:22)

- com.intuit.karate.graal.JsEngine.fromJsEvalException(JsEngine.java:230)
- com.intuit.karate.core.ScenarioEngine.executeJsValue(ScenarioEngine.java:1244)
- com.intuit.karate.core.ScenarioEngine.executeFunction(ScenarioEngine.java:1227)
- com.intuit.karate.core.ScenarioEngine.getOrEvalAsMap(ScenarioEngine.java:1216)
- com.intuit.karate.core.ScenarioRuntime.evalConfigJs(ScenarioRuntime.java:291)
- com.intuit.karate.core.ScenarioRuntime.beforeRun(ScenarioRuntime.java:369)
- com.intuit.karate.core.ScenarioRuntime.run(ScenarioRuntime.java:395)

classpath:conduitApp/feature/Articles.feature:5
classpath:conduitApp/feature/Articles.feature:6
classpath:conduitApp/feature/Articles.feature:7
classpath:conduitApp/feature/Articles.feature:8
21:03:29.934 [main] ERROR com.intuit.karate - classpath:conduitApp/feature/Articles.feature:9
* set articleRequestBody.article.description = dataGenerator.getRandomArticleValues().description
>> classpath:conduitApp/feature/Articles.feature:21
>> karate-config.js failed
>> js failed:
>>>>
01: function fn() {
02:   var env = karate.env; // get system property 'karate.env'
03:   karate.log('karate.env system property was:', env);
04:   if (!env) {
05:     env = 'dev';
06:   }
07:   var config = {
08:     
09:     apiUrl: 'https://api.realworld.io/api/'
10:   }
11:   if (env == 'dev') {
12:     
13:     config.userEmail = 'javierkarate1@test.com'
14:     config.userPassword = 'karate1234'
15: 
16:   } if (env == 'qa') {
17: 
18:     config.userEmail = 'javierkarate2@test.com'
19:     config.userPassword = 'karate1234'
20:   }
21: 
22:   var accesToken = karate.callSingle('classpath:helpers/CreateToken.feature', config).authToken
23:   karate.configure('headers',{Authorization: 'Token ' + accesToken})
24:   
25: 
26:   return config;
27: }
<<<<
org.graalvm.polyglot.PolyglotException: status code was: 403, expected: 200, response time in milliseconds: 757, url: https://api.realworld.io/api/users/login, response: 
{"errors":{"email or password":["is invalid"]}}
classpath:helpers/CreateToken.feature:8
- com.intuit.karate.core.ScenarioBridge.callSingle(ScenarioBridge.java:234)
- <js>.fn(Unnamed:22)

js failed:
>>>>
01: function fn() {
02:   var env = karate.env; // get system property 'karate.env'
03:   karate.log('karate.env system property was:', env);
04:   if (!env) {
05:     env = 'dev';
06:   }
07:   var config = {
08:     
09:     apiUrl: 'https://api.realworld.io/api/'
10:   }
11:   if (env == 'dev') {
12:     
13:     config.userEmail = 'javierkarate1@test.com'
14:     config.userPassword = 'karate1234'
15: 
16:   } if (env == 'qa') {
17: 
18:     config.userEmail = 'javierkarate2@test.com'
19:     config.userPassword = 'karate1234'
20:   }
21: 
22:   var accesToken = karate.callSingle('classpath:helpers/CreateToken.feature', config).authToken
23:   karate.configure('headers',{Authorization: 'Token ' + accesToken})
24:   
25: 
26:   return config;
27: }
<<<<
com.intuit.karate.KarateException: js failed:
>>>>
01: function fn() {
02:   var env = karate.env; // get system property 'karate.env'
03:   karate.log('karate.env system property was:', env);
04:   if (!env) {
05:     env = 'dev';
06:   }
07:   var config = {
08:     
09:     apiUrl: 'https://api.realworld.io/api/'
10:   }
11:   if (env == 'dev') {
12:     
13:     config.userEmail = 'javierkarate1@test.com'
14:     config.userPassword = 'karate1234'
15: 
16:   } if (env == 'qa') {
17: 
18:     config.userEmail = 'javierkarate2@test.com'
19:     config.userPassword = 'karate1234'
20:   }
21: 
22:   var accesToken = karate.callSingle('classpath:helpers/CreateToken.feature', config).authToken
23:   karate.configure('headers',{Authorization: 'Token ' + accesToken})
24:   
25: 
26:   return config;
27: }
<<<<
org.graalvm.polyglot.PolyglotException: status code was: 403, expected: 200, response time in milliseconds: 757, url: https://api.realworld.io/api/users/login, response: 
{"errors":{"email or password":["is invalid"]}}
classpath:helpers/CreateToken.feature:8
- com.intuit.karate.core.ScenarioBridge.callSingle(ScenarioBridge.java:234)
- <js>.fn(Unnamed:22)

- com.intuit.karate.graal.JsEngine.fromJsEvalException(JsEngine.java:230)
- com.intuit.karate.core.ScenarioEngine.executeJsValue(ScenarioEngine.java:1244)
- com.intuit.karate.core.ScenarioEngine.executeFunction(ScenarioEngine.java:1227)
- com.intuit.karate.core.ScenarioEngine.getOrEvalAsMap(ScenarioEngine.java:1216)
- com.intuit.karate.core.ScenarioRuntime.evalConfigJs(ScenarioRuntime.java:291)
- com.intuit.karate.core.ScenarioRuntime.beforeRun(ScenarioRuntime.java:369)
- com.intuit.karate.core.ScenarioRuntime.run(ScenarioRuntime.java:395)

classpath:conduitApp/feature/Articles.feature:5
classpath:conduitApp/feature/Articles.feature:6
classpath:conduitApp/feature/Articles.feature:7
classpath:conduitApp/feature/Articles.feature:8
classpath:conduitApp/feature/Articles.feature:9
21:03:29.935 [main] ERROR com.intuit.karate - classpath:conduitApp/feature/Articles.feature:10
* set articleRequestBody.article.body = dataGenerator.getRandomArticleValues().body
>> classpath:conduitApp/feature/Articles.feature:21
>> karate-config.js failed
>> js failed:
>>>>
01: function fn() {
02:   var env = karate.env; // get system property 'karate.env'
03:   karate.log('karate.env system property was:', env);
04:   if (!env) {
05:     env = 'dev';
06:   }
07:   var config = {
08:     
09:     apiUrl: 'https://api.realworld.io/api/'
10:   }
11:   if (env == 'dev') {
12:     
13:     config.userEmail = 'javierkarate1@test.com'
14:     config.userPassword = 'karate1234'
15: 
16:   } if (env == 'qa') {
17: 
18:     config.userEmail = 'javierkarate2@test.com'
19:     config.userPassword = 'karate1234'
20:   }
21: 
22:   var accesToken = karate.callSingle('classpath:helpers/CreateToken.feature', config).authToken
23:   karate.configure('headers',{Authorization: 'Token ' + accesToken})
24:   
25: 
26:   return config;
27: }
<<<<
org.graalvm.polyglot.PolyglotException: status code was: 403, expected: 200, response time in milliseconds: 757, url: https://api.realworld.io/api/users/login, response: 
{"errors":{"email or password":["is invalid"]}}
classpath:helpers/CreateToken.feature:8
- com.intuit.karate.core.ScenarioBridge.callSingle(ScenarioBridge.java:234)
- <js>.fn(Unnamed:22)

js failed:
>>>>
01: function fn() {
02:   var env = karate.env; // get system property 'karate.env'
03:   karate.log('karate.env system property was:', env);
04:   if (!env) {
05:     env = 'dev';
06:   }
07:   var config = {
08:     
09:     apiUrl: 'https://api.realworld.io/api/'
10:   }
11:   if (env == 'dev') {
12:     
13:     config.userEmail = 'javierkarate1@test.com'
14:     config.userPassword = 'karate1234'
15: 
16:   } if (env == 'qa') {
17: 
18:     config.userEmail = 'javierkarate2@test.com'
19:     config.userPassword = 'karate1234'
20:   }
21: 
22:   var accesToken = karate.callSingle('classpath:helpers/CreateToken.feature', config).authToken
23:   karate.configure('headers',{Authorization: 'Token ' + accesToken})
24:   
25: 
26:   return config;
27: }
<<<<
com.intuit.karate.KarateException: js failed:
>>>>
01: function fn() {
02:   var env = karate.env; // get system property 'karate.env'
03:   karate.log('karate.env system property was:', env);
04:   if (!env) {
05:     env = 'dev';
06:   }
07:   var config = {
08:     
09:     apiUrl: 'https://api.realworld.io/api/'
10:   }
11:   if (env == 'dev') {
12:     
13:     config.userEmail = 'javierkarate1@test.com'
14:     config.userPassword = 'karate1234'
15: 
16:   } if (env == 'qa') {
17: 
18:     config.userEmail = 'javierkarate2@test.com'
19:     config.userPassword = 'karate1234'
20:   }
21: 
22:   var accesToken = karate.callSingle('classpath:helpers/CreateToken.feature', config).authToken
23:   karate.configure('headers',{Authorization: 'Token ' + accesToken})
24:   
25: 
26:   return config;
27: }
<<<<
org.graalvm.polyglot.PolyglotException: status code was: 403, expected: 200, response time in milliseconds: 757, url: https://api.realworld.io/api/users/login, response: 
{"errors":{"email or password":["is invalid"]}}
classpath:helpers/CreateToken.feature:8
- com.intuit.karate.core.ScenarioBridge.callSingle(ScenarioBridge.java:234)
- <js>.fn(Unnamed:22)

- com.intuit.karate.graal.JsEngine.fromJsEvalException(JsEngine.java:230)
- com.intuit.karate.core.ScenarioEngine.executeJsValue(ScenarioEngine.java:1244)
- com.intuit.karate.core.ScenarioEngine.executeFunction(ScenarioEngine.java:1227)
- com.intuit.karate.core.ScenarioEngine.getOrEvalAsMap(ScenarioEngine.java:1216)
- com.intuit.karate.core.ScenarioRuntime.evalConfigJs(ScenarioRuntime.java:291)
- com.intuit.karate.core.ScenarioRuntime.beforeRun(ScenarioRuntime.java:369)
- com.intuit.karate.core.ScenarioRuntime.run(ScenarioRuntime.java:395)

classpath:conduitApp/feature/Articles.feature:5
classpath:conduitApp/feature/Articles.feature:6
classpath:conduitApp/feature/Articles.feature:7
classpath:conduitApp/feature/Articles.feature:8
classpath:conduitApp/feature/Articles.feature:9
classpath:conduitApp/feature/Articles.feature:10
21:03:29.935 [main] ERROR com.intuit.karate - classpath:conduitApp/feature/Articles.feature:23
Given path 'articles'
>> classpath:conduitApp/feature/Articles.feature:21
>> karate-config.js failed
>> js failed:
>>>>
01: function fn() {
02:   var env = karate.env; // get system property 'karate.env'
03:   karate.log('karate.env system property was:', env);
04:   if (!env) {
05:     env = 'dev';
06:   }
07:   var config = {
08:     
09:     apiUrl: 'https://api.realworld.io/api/'
10:   }
11:   if (env == 'dev') {
12:     
13:     config.userEmail = 'javierkarate1@test.com'
14:     config.userPassword = 'karate1234'
15: 
16:   } if (env == 'qa') {
17: 
18:     config.userEmail = 'javierkarate2@test.com'
19:     config.userPassword = 'karate1234'
20:   }
21: 
22:   var accesToken = karate.callSingle('classpath:helpers/CreateToken.feature', config).authToken
23:   karate.configure('headers',{Authorization: 'Token ' + accesToken})
24:   
25: 
26:   return config;
27: }
<<<<
org.graalvm.polyglot.PolyglotException: status code was: 403, expected: 200, response time in milliseconds: 757, url: https://api.realworld.io/api/users/login, response: 
{"errors":{"email or password":["is invalid"]}}
classpath:helpers/CreateToken.feature:8
- com.intuit.karate.core.ScenarioBridge.callSingle(ScenarioBridge.java:234)
- <js>.fn(Unnamed:22)

js failed:
>>>>
01: function fn() {
02:   var env = karate.env; // get system property 'karate.env'
03:   karate.log('karate.env system property was:', env);
04:   if (!env) {
05:     env = 'dev';
06:   }
07:   var config = {
08:     
09:     apiUrl: 'https://api.realworld.io/api/'
10:   }
11:   if (env == 'dev') {
12:     
13:     config.userEmail = 'javierkarate1@test.com'
14:     config.userPassword = 'karate1234'
15: 
16:   } if (env == 'qa') {
17: 
18:     config.userEmail = 'javierkarate2@test.com'
19:     config.userPassword = 'karate1234'
20:   }
21: 
22:   var accesToken = karate.callSingle('classpath:helpers/CreateToken.feature', config).authToken
23:   karate.configure('headers',{Authorization: 'Token ' + accesToken})
24:   
25: 
26:   return config;
27: }
<<<<
com.intuit.karate.KarateException: js failed:
>>>>
01: function fn() {
02:   var env = karate.env; // get system property 'karate.env'
03:   karate.log('karate.env system property was:', env);
04:   if (!env) {
05:     env = 'dev';
06:   }
07:   var config = {
08:     
09:     apiUrl: 'https://api.realworld.io/api/'
10:   }
11:   if (env == 'dev') {
12:     
13:     config.userEmail = 'javierkarate1@test.com'
14:     config.userPassword = 'karate1234'
15: 
16:   } if (env == 'qa') {
17: 
18:     config.userEmail = 'javierkarate2@test.com'
19:     config.userPassword = 'karate1234'
20:   }
21: 
22:   var accesToken = karate.callSingle('classpath:helpers/CreateToken.feature', config).authToken
23:   karate.configure('headers',{Authorization: 'Token ' + accesToken})
24:   
25: 
26:   return config;
27: }
<<<<
org.graalvm.polyglot.PolyglotException: status code was: 403, expected: 200, response time in milliseconds: 757, url: https://api.realworld.io/api/users/login, response: 
{"errors":{"email or password":["is invalid"]}}
classpath:helpers/CreateToken.feature:8
- com.intuit.karate.core.ScenarioBridge.callSingle(ScenarioBridge.java:234)
- <js>.fn(Unnamed:22)

- com.intuit.karate.graal.JsEngine.fromJsEvalException(JsEngine.java:230)
- com.intuit.karate.core.ScenarioEngine.executeJsValue(ScenarioEngine.java:1244)
- com.intuit.karate.core.ScenarioEngine.executeFunction(ScenarioEngine.java:1227)
- com.intuit.karate.core.ScenarioEngine.getOrEvalAsMap(ScenarioEngine.java:1216)
- com.intuit.karate.core.ScenarioRuntime.evalConfigJs(ScenarioRuntime.java:291)
- com.intuit.karate.core.ScenarioRuntime.beforeRun(ScenarioRuntime.java:369)
- com.intuit.karate.core.ScenarioRuntime.run(ScenarioRuntime.java:395)

classpath:conduitApp/feature/Articles.feature:5
classpath:conduitApp/feature/Articles.feature:6
classpath:conduitApp/feature/Articles.feature:7
classpath:conduitApp/feature/Articles.feature:8
classpath:conduitApp/feature/Articles.feature:9
classpath:conduitApp/feature/Articles.feature:10
classpath:conduitApp/feature/Articles.feature:23
21:03:29.935 [main] ERROR com.intuit.karate - classpath:conduitApp/feature/Articles.feature:24
And request articleRequestBody
>> classpath:conduitApp/feature/Articles.feature:21
>> karate-config.js failed
>> js failed:
>>>>
01: function fn() {
02:   var env = karate.env; // get system property 'karate.env'
03:   karate.log('karate.env system property was:', env);
04:   if (!env) {
05:     env = 'dev';
06:   }
07:   var config = {
08:     
09:     apiUrl: 'https://api.realworld.io/api/'
10:   }
11:   if (env == 'dev') {
12:     
13:     config.userEmail = 'javierkarate1@test.com'
14:     config.userPassword = 'karate1234'
15: 
16:   } if (env == 'qa') {
17: 
18:     config.userEmail = 'javierkarate2@test.com'
19:     config.userPassword = 'karate1234'
20:   }
21: 
22:   var accesToken = karate.callSingle('classpath:helpers/CreateToken.feature', config).authToken
23:   karate.configure('headers',{Authorization: 'Token ' + accesToken})
24:   
25: 
26:   return config;
27: }
<<<<
org.graalvm.polyglot.PolyglotException: status code was: 403, expected: 200, response time in milliseconds: 757, url: https://api.realworld.io/api/users/login, response: 
{"errors":{"email or password":["is invalid"]}}
classpath:helpers/CreateToken.feature:8
- com.intuit.karate.core.ScenarioBridge.callSingle(ScenarioBridge.java:234)
- <js>.fn(Unnamed:22)

js failed:
>>>>
01: function fn() {
02:   var env = karate.env; // get system property 'karate.env'
03:   karate.log('karate.env system property was:', env);
04:   if (!env) {
05:     env = 'dev';
06:   }
07:   var config = {
08:     
09:     apiUrl: 'https://api.realworld.io/api/'
10:   }
11:   if (env == 'dev') {
12:     
13:     config.userEmail = 'javierkarate1@test.com'
14:     config.userPassword = 'karate1234'
15: 
16:   } if (env == 'qa') {
17: 
18:     config.userEmail = 'javierkarate2@test.com'
19:     config.userPassword = 'karate1234'
20:   }
21: 
22:   var accesToken = karate.callSingle('classpath:helpers/CreateToken.feature', config).authToken
23:   karate.configure('headers',{Authorization: 'Token ' + accesToken})
24:   
25: 
26:   return config;
27: }
<<<<
com.intuit.karate.KarateException: js failed:
>>>>
01: function fn() {
02:   var env = karate.env; // get system property 'karate.env'
03:   karate.log('karate.env system property was:', env);
04:   if (!env) {
05:     env = 'dev';
06:   }
07:   var config = {
08:     
09:     apiUrl: 'https://api.realworld.io/api/'
10:   }
11:   if (env == 'dev') {
12:     
13:     config.userEmail = 'javierkarate1@test.com'
14:     config.userPassword = 'karate1234'
15: 
16:   } if (env == 'qa') {
17: 
18:     config.userEmail = 'javierkarate2@test.com'
19:     config.userPassword = 'karate1234'
20:   }
21: 
22:   var accesToken = karate.callSingle('classpath:helpers/CreateToken.feature', config).authToken
23:   karate.configure('headers',{Authorization: 'Token ' + accesToken})
24:   
25: 
26:   return config;
27: }
<<<<
org.graalvm.polyglot.PolyglotException: status code was: 403, expected: 200, response time in milliseconds: 757, url: https://api.realworld.io/api/users/login, response: 
{"errors":{"email or password":["is invalid"]}}
classpath:helpers/CreateToken.feature:8
- com.intuit.karate.core.ScenarioBridge.callSingle(ScenarioBridge.java:234)
- <js>.fn(Unnamed:22)

- com.intuit.karate.graal.JsEngine.fromJsEvalException(JsEngine.java:230)
- com.intuit.karate.core.ScenarioEngine.executeJsValue(ScenarioEngine.java:1244)
- com.intuit.karate.core.ScenarioEngine.executeFunction(ScenarioEngine.java:1227)
- com.intuit.karate.core.ScenarioEngine.getOrEvalAsMap(ScenarioEngine.java:1216)
- com.intuit.karate.core.ScenarioRuntime.evalConfigJs(ScenarioRuntime.java:291)
- com.intuit.karate.core.ScenarioRuntime.beforeRun(ScenarioRuntime.java:369)
- com.intuit.karate.core.ScenarioRuntime.run(ScenarioRuntime.java:395)

classpath:conduitApp/feature/Articles.feature:5
classpath:conduitApp/feature/Articles.feature:6
classpath:conduitApp/feature/Articles.feature:7
classpath:conduitApp/feature/Articles.feature:8
classpath:conduitApp/feature/Articles.feature:9
classpath:conduitApp/feature/Articles.feature:10
classpath:conduitApp/feature/Articles.feature:23
classpath:conduitApp/feature/Articles.feature:24
21:03:29.936 [main] ERROR com.intuit.karate - classpath:conduitApp/feature/Articles.feature:25
When method Post
>> classpath:conduitApp/feature/Articles.feature:21
>> karate-config.js failed
>> js failed:
>>>>
01: function fn() {
02:   var env = karate.env; // get system property 'karate.env'
03:   karate.log('karate.env system property was:', env);
04:   if (!env) {
05:     env = 'dev';
06:   }
07:   var config = {
08:     
09:     apiUrl: 'https://api.realworld.io/api/'
10:   }
11:   if (env == 'dev') {
12:     
13:     config.userEmail = 'javierkarate1@test.com'
14:     config.userPassword = 'karate1234'
15: 
16:   } if (env == 'qa') {
17: 
18:     config.userEmail = 'javierkarate2@test.com'
19:     config.userPassword = 'karate1234'
20:   }
21: 
22:   var accesToken = karate.callSingle('classpath:helpers/CreateToken.feature', config).authToken
23:   karate.configure('headers',{Authorization: 'Token ' + accesToken})
24:   
25: 
26:   return config;
27: }
<<<<
org.graalvm.polyglot.PolyglotException: status code was: 403, expected: 200, response time in milliseconds: 757, url: https://api.realworld.io/api/users/login, response: 
{"errors":{"email or password":["is invalid"]}}
classpath:helpers/CreateToken.feature:8
- com.intuit.karate.core.ScenarioBridge.callSingle(ScenarioBridge.java:234)
- <js>.fn(Unnamed:22)

js failed:
>>>>
01: function fn() {
02:   var env = karate.env; // get system property 'karate.env'
03:   karate.log('karate.env system property was:', env);
04:   if (!env) {
05:     env = 'dev';
06:   }
07:   var config = {
08:     
09:     apiUrl: 'https://api.realworld.io/api/'
10:   }
11:   if (env == 'dev') {
12:     
13:     config.userEmail = 'javierkarate1@test.com'
14:     config.userPassword = 'karate1234'
15: 
16:   } if (env == 'qa') {
17: 
18:     config.userEmail = 'javierkarate2@test.com'
19:     config.userPassword = 'karate1234'
20:   }
21: 
22:   var accesToken = karate.callSingle('classpath:helpers/CreateToken.feature', config).authToken
23:   karate.configure('headers',{Authorization: 'Token ' + accesToken})
24:   
25: 
26:   return config;
27: }
<<<<
com.intuit.karate.KarateException: js failed:
>>>>
01: function fn() {
02:   var env = karate.env; // get system property 'karate.env'
03:   karate.log('karate.env system property was:', env);
04:   if (!env) {
05:     env = 'dev';
06:   }
07:   var config = {
08:     
09:     apiUrl: 'https://api.realworld.io/api/'
10:   }
11:   if (env == 'dev') {
12:     
13:     config.userEmail = 'javierkarate1@test.com'
14:     config.userPassword = 'karate1234'
15: 
16:   } if (env == 'qa') {
17: 
18:     config.userEmail = 'javierkarate2@test.com'
19:     config.userPassword = 'karate1234'
20:   }
21: 
22:   var accesToken = karate.callSingle('classpath:helpers/CreateToken.feature', config).authToken
23:   karate.configure('headers',{Authorization: 'Token ' + accesToken})
24:   
25: 
26:   return config;
27: }
<<<<
org.graalvm.polyglot.PolyglotException: status code was: 403, expected: 200, response time in milliseconds: 757, url: https://api.realworld.io/api/users/login, response: 
{"errors":{"email or password":["is invalid"]}}
classpath:helpers/CreateToken.feature:8
- com.intuit.karate.core.ScenarioBridge.callSingle(ScenarioBridge.java:234)
- <js>.fn(Unnamed:22)

- com.intuit.karate.graal.JsEngine.fromJsEvalException(JsEngine.java:230)
- com.intuit.karate.core.ScenarioEngine.executeJsValue(ScenarioEngine.java:1244)
- com.intuit.karate.core.ScenarioEngine.executeFunction(ScenarioEngine.java:1227)
- com.intuit.karate.core.ScenarioEngine.getOrEvalAsMap(ScenarioEngine.java:1216)
- com.intuit.karate.core.ScenarioRuntime.evalConfigJs(ScenarioRuntime.java:291)
- com.intuit.karate.core.ScenarioRuntime.beforeRun(ScenarioRuntime.java:369)
- com.intuit.karate.core.ScenarioRuntime.run(ScenarioRuntime.java:395)

classpath:conduitApp/feature/Articles.feature:5
classpath:conduitApp/feature/Articles.feature:6
classpath:conduitApp/feature/Articles.feature:7
classpath:conduitApp/feature/Articles.feature:8
classpath:conduitApp/feature/Articles.feature:9
classpath:conduitApp/feature/Articles.feature:10
classpath:conduitApp/feature/Articles.feature:23
classpath:conduitApp/feature/Articles.feature:24
classpath:conduitApp/feature/Articles.feature:25
21:03:29.936 [main] ERROR com.intuit.karate - classpath:conduitApp/feature/Articles.feature:26
Then status 201
>> classpath:conduitApp/feature/Articles.feature:21
>> karate-config.js failed
>> js failed:
>>>>
01: function fn() {
02:   var env = karate.env; // get system property 'karate.env'
03:   karate.log('karate.env system property was:', env);
04:   if (!env) {
05:     env = 'dev';
06:   }
07:   var config = {
08:     
09:     apiUrl: 'https://api.realworld.io/api/'
10:   }
11:   if (env == 'dev') {
12:     
13:     config.userEmail = 'javierkarate1@test.com'
14:     config.userPassword = 'karate1234'
15: 
16:   } if (env == 'qa') {
17: 
18:     config.userEmail = 'javierkarate2@test.com'
19:     config.userPassword = 'karate1234'
20:   }
21: 
22:   var accesToken = karate.callSingle('classpath:helpers/CreateToken.feature', config).authToken
23:   karate.configure('headers',{Authorization: 'Token ' + accesToken})
24:   
25: 
26:   return config;
27: }
<<<<
org.graalvm.polyglot.PolyglotException: status code was: 403, expected: 200, response time in milliseconds: 757, url: https://api.realworld.io/api/users/login, response: 
{"errors":{"email or password":["is invalid"]}}
classpath:helpers/CreateToken.feature:8
- com.intuit.karate.core.ScenarioBridge.callSingle(ScenarioBridge.java:234)
- <js>.fn(Unnamed:22)

js failed:
>>>>
01: function fn() {
02:   var env = karate.env; // get system property 'karate.env'
03:   karate.log('karate.env system property was:', env);
04:   if (!env) {
05:     env = 'dev';
06:   }
07:   var config = {
08:     
09:     apiUrl: 'https://api.realworld.io/api/'
10:   }
11:   if (env == 'dev') {
12:     
13:     config.userEmail = 'javierkarate1@test.com'
14:     config.userPassword = 'karate1234'
15: 
16:   } if (env == 'qa') {
17: 
18:     config.userEmail = 'javierkarate2@test.com'
19:     config.userPassword = 'karate1234'
20:   }
21: 
22:   var accesToken = karate.callSingle('classpath:helpers/CreateToken.feature', config).authToken
23:   karate.configure('headers',{Authorization: 'Token ' + accesToken})
24:   
25: 
26:   return config;
27: }
<<<<
com.intuit.karate.KarateException: js failed:
>>>>
01: function fn() {
02:   var env = karate.env; // get system property 'karate.env'
03:   karate.log('karate.env system property was:', env);
04:   if (!env) {
05:     env = 'dev';
06:   }
07:   var config = {
08:     
09:     apiUrl: 'https://api.realworld.io/api/'
10:   }
11:   if (env == 'dev') {
12:     
13:     config.userEmail = 'javierkarate1@test.com'
14:     config.userPassword = 'karate1234'
15: 
16:   } if (env == 'qa') {
17: 
18:     config.userEmail = 'javierkarate2@test.com'
19:     config.userPassword = 'karate1234'
20:   }
21: 
22:   var accesToken = karate.callSingle('classpath:helpers/CreateToken.feature', config).authToken
23:   karate.configure('headers',{Authorization: 'Token ' + accesToken})
24:   
25: 
26:   return config;
27: }
<<<<
org.graalvm.polyglot.PolyglotException: status code was: 403, expected: 200, response time in milliseconds: 757, url: https://api.realworld.io/api/users/login, response: 
{"errors":{"email or password":["is invalid"]}}
classpath:helpers/CreateToken.feature:8
- com.intuit.karate.core.ScenarioBridge.callSingle(ScenarioBridge.java:234)
- <js>.fn(Unnamed:22)

- com.intuit.karate.graal.JsEngine.fromJsEvalException(JsEngine.java:230)
- com.intuit.karate.core.ScenarioEngine.executeJsValue(ScenarioEngine.java:1244)
- com.intuit.karate.core.ScenarioEngine.executeFunction(ScenarioEngine.java:1227)
- com.intuit.karate.core.ScenarioEngine.getOrEvalAsMap(ScenarioEngine.java:1216)
- com.intuit.karate.core.ScenarioRuntime.evalConfigJs(ScenarioRuntime.java:291)
- com.intuit.karate.core.ScenarioRuntime.beforeRun(ScenarioRuntime.java:369)
- com.intuit.karate.core.ScenarioRuntime.run(ScenarioRuntime.java:395)

classpath:conduitApp/feature/Articles.feature:5
classpath:conduitApp/feature/Articles.feature:6
classpath:conduitApp/feature/Articles.feature:7
classpath:conduitApp/feature/Articles.feature:8
classpath:conduitApp/feature/Articles.feature:9
classpath:conduitApp/feature/Articles.feature:10
classpath:conduitApp/feature/Articles.feature:23
classpath:conduitApp/feature/Articles.feature:24
classpath:conduitApp/feature/Articles.feature:25
classpath:conduitApp/feature/Articles.feature:26
21:03:29.936 [main] ERROR com.intuit.karate - classpath:conduitApp/feature/Articles.feature:27
And match response.article.title == articleRequestBody.article.title
>> classpath:conduitApp/feature/Articles.feature:21
>> karate-config.js failed
>> js failed:
>>>>
01: function fn() {
02:   var env = karate.env; // get system property 'karate.env'
03:   karate.log('karate.env system property was:', env);
04:   if (!env) {
05:     env = 'dev';
06:   }
07:   var config = {
08:     
09:     apiUrl: 'https://api.realworld.io/api/'
10:   }
11:   if (env == 'dev') {
12:     
13:     config.userEmail = 'javierkarate1@test.com'
14:     config.userPassword = 'karate1234'
15: 
16:   } if (env == 'qa') {
17: 
18:     config.userEmail = 'javierkarate2@test.com'
19:     config.userPassword = 'karate1234'
20:   }
21: 
22:   var accesToken = karate.callSingle('classpath:helpers/CreateToken.feature', config).authToken
23:   karate.configure('headers',{Authorization: 'Token ' + accesToken})
24:   
25: 
26:   return config;
27: }
<<<<
org.graalvm.polyglot.PolyglotException: status code was: 403, expected: 200, response time in milliseconds: 757, url: https://api.realworld.io/api/users/login, response: 
{"errors":{"email or password":["is invalid"]}}
classpath:helpers/CreateToken.feature:8
- com.intuit.karate.core.ScenarioBridge.callSingle(ScenarioBridge.java:234)
- <js>.fn(Unnamed:22)

js failed:
>>>>
01: function fn() {
02:   var env = karate.env; // get system property 'karate.env'
03:   karate.log('karate.env system property was:', env);
04:   if (!env) {
05:     env = 'dev';
06:   }
07:   var config = {
08:     
09:     apiUrl: 'https://api.realworld.io/api/'
10:   }
11:   if (env == 'dev') {
12:     
13:     config.userEmail = 'javierkarate1@test.com'
14:     config.userPassword = 'karate1234'
15: 
16:   } if (env == 'qa') {
17: 
18:     config.userEmail = 'javierkarate2@test.com'
19:     config.userPassword = 'karate1234'
20:   }
21: 
22:   var accesToken = karate.callSingle('classpath:helpers/CreateToken.feature', config).authToken
23:   karate.configure('headers',{Authorization: 'Token ' + accesToken})
24:   
25: 
26:   return config;
27: }
<<<<
com.intuit.karate.KarateException: js failed:
>>>>
01: function fn() {
02:   var env = karate.env; // get system property 'karate.env'
03:   karate.log('karate.env system property was:', env);
04:   if (!env) {
05:     env = 'dev';
06:   }
07:   var config = {
08:     
09:     apiUrl: 'https://api.realworld.io/api/'
10:   }
11:   if (env == 'dev') {
12:     
13:     config.userEmail = 'javierkarate1@test.com'
14:     config.userPassword = 'karate1234'
15: 
16:   } if (env == 'qa') {
17: 
18:     config.userEmail = 'javierkarate2@test.com'
19:     config.userPassword = 'karate1234'
20:   }
21: 
22:   var accesToken = karate.callSingle('classpath:helpers/CreateToken.feature', config).authToken
23:   karate.configure('headers',{Authorization: 'Token ' + accesToken})
24:   
25: 
26:   return config;
27: }
<<<<
org.graalvm.polyglot.PolyglotException: status code was: 403, expected: 200, response time in milliseconds: 757, url: https://api.realworld.io/api/users/login, response: 
{"errors":{"email or password":["is invalid"]}}
classpath:helpers/CreateToken.feature:8
- com.intuit.karate.core.ScenarioBridge.callSingle(ScenarioBridge.java:234)
- <js>.fn(Unnamed:22)

- com.intuit.karate.graal.JsEngine.fromJsEvalException(JsEngine.java:230)
- com.intuit.karate.core.ScenarioEngine.executeJsValue(ScenarioEngine.java:1244)
- com.intuit.karate.core.ScenarioEngine.executeFunction(ScenarioEngine.java:1227)
- com.intuit.karate.core.ScenarioEngine.getOrEvalAsMap(ScenarioEngine.java:1216)
- com.intuit.karate.core.ScenarioRuntime.evalConfigJs(ScenarioRuntime.java:291)
- com.intuit.karate.core.ScenarioRuntime.beforeRun(ScenarioRuntime.java:369)
- com.intuit.karate.core.ScenarioRuntime.run(ScenarioRuntime.java:395)

classpath:conduitApp/feature/Articles.feature:5
classpath:conduitApp/feature/Articles.feature:6
classpath:conduitApp/feature/Articles.feature:7
classpath:conduitApp/feature/Articles.feature:8
classpath:conduitApp/feature/Articles.feature:9
classpath:conduitApp/feature/Articles.feature:10
classpath:conduitApp/feature/Articles.feature:23
classpath:conduitApp/feature/Articles.feature:24
classpath:conduitApp/feature/Articles.feature:25
classpath:conduitApp/feature/Articles.feature:26
classpath:conduitApp/feature/Articles.feature:27
]]></system-out>
  </testcase>
  <testcase name="testAll[1][2]" classname="conduitApp.ConduitTest" time="3.133">
    <failure message="&gt;&gt; classpath:conduitApp/feature/Articles.feature:30&#10;&gt;&gt; karate-config.js failed&#10;&gt;&gt; js failed:&#10;&gt;&gt;&gt;&gt;&#10;01: function fn() {&#10;02:   var env = karate.env; // get system property &apos;karate.env&apos;&#10;03:   karate.log(&apos;karate.env system property was:&apos;, env);&#10;04:   if (!env) {&#10;05:     env = &apos;dev&apos;;&#10;06:   }&#10;07:   var config = {&#10;08:     &#10;09:     apiUrl: &apos;https://api.realworld.io/api/&apos;&#10;10:   }&#10;11:   if (env == &apos;dev&apos;) {&#10;12:     &#10;13:     config.userEmail = &apos;javierkarate1@test.com&apos;&#10;14:     config.userPassword = &apos;karate1234&apos;&#10;15: &#10;16:   } if (env == &apos;qa&apos;) {&#10;17: &#10;18:     config.userEmail = &apos;javierkarate2@test.com&apos;&#10;19:     config.userPassword = &apos;karate1234&apos;&#10;20:   }&#10;21: &#10;22:   var accesToken = karate.callSingle(&apos;classpath:helpers/CreateToken.feature&apos;, config).authToken&#10;23:   karate.configure(&apos;headers&apos;,{Authorization: &apos;Token &apos; + accesToken})&#10;24:   &#10;25: &#10;26:   return config;&#10;27: }&#10;&lt;&lt;&lt;&lt;&#10;org.graalvm.polyglot.PolyglotException: status code was: 403, expected: 200, response time in milliseconds: 757, url: https://api.realworld.io/api/users/login, response: &#10;{&quot;errors&quot;:{&quot;email or password&quot;:[&quot;is invalid&quot;]}}&#10;classpath:helpers/CreateToken.feature:8&#10;- com.intuit.karate.core.ScenarioBridge.callSingle(ScenarioBridge.java:234)&#10;- &lt;js&gt;.fn(Unnamed:22)&#10;&#10;js failed:&#10;&gt;&gt;&gt;&gt;&#10;01: function fn() {&#10;02:   var env = karate.env; // get system property &apos;karate.env&apos;&#10;03:   karate.log(&apos;karate.env system property was:&apos;, env);&#10;04:   if (!env) {&#10;05:     env = &apos;dev&apos;;&#10;06:   }&#10;07:   var config = {&#10;08:     &#10;09:     apiUrl: &apos;https://api.realworld.io/api/&apos;&#10;10:   }&#10;11:   if (env == &apos;dev&apos;) {&#10;12:     &#10;13:     config.userEmail = &apos;javierkarate1@test.com&apos;&#10;14:     config.userPassword = &apos;karate1234&apos;&#10;15: &#10;16:   } if (env == &apos;qa&apos;) {&#10;17: &#10;18:     config.userEmail = &apos;javierkarate2@test.com&apos;&#10;19:     config.userPassword = &apos;karate1234&apos;&#10;20:   }&#10;21: &#10;22:   var accesToken = karate.callSingle(&apos;classpath:helpers/CreateToken.feature&apos;, config).authToken&#10;23:   karate.configure(&apos;headers&apos;,{Authorization: &apos;Token &apos; + accesToken})&#10;24:   &#10;25: &#10;26:   return config;&#10;27: }&#10;&lt;&lt;&lt;&lt;&#10;com.intuit.karate.KarateException: js failed:&#10;&gt;&gt;&gt;&gt;&#10;01: function fn() {&#10;02:   var env = karate.env; // get system property &apos;karate.env&apos;&#10;03:   karate.log(&apos;karate.env system property was:&apos;, env);&#10;04:   if (!env) {&#10;05:     env = &apos;dev&apos;;&#10;06:   }&#10;07:   var config = {&#10;08:     &#10;09:     apiUrl: &apos;https://api.realworld.io/api/&apos;&#10;10:   }&#10;11:   if (env == &apos;dev&apos;) {&#10;12:     &#10;13:     config.userEmail = &apos;javierkarate1@test.com&apos;&#10;14:     config.userPassword = &apos;karate1234&apos;&#10;15: &#10;16:   } if (env == &apos;qa&apos;) {&#10;17: &#10;18:     config.userEmail = &apos;javierkarate2@test.com&apos;&#10;19:     config.userPassword = &apos;karate1234&apos;&#10;20:   }&#10;21: &#10;22:   var accesToken = karate.callSingle(&apos;classpath:helpers/CreateToken.feature&apos;, config).authToken&#10;23:   karate.configure(&apos;headers&apos;,{Authorization: &apos;Token &apos; + accesToken})&#10;24:   &#10;25: &#10;26:   return config;&#10;27: }&#10;&lt;&lt;&lt;&lt;&#10;org.graalvm.polyglot.PolyglotException: status code was: 403, expected: 200, response time in milliseconds: 757, url: https://api.realworld.io/api/users/login, response: &#10;{&quot;errors&quot;:{&quot;email or password&quot;:[&quot;is invalid&quot;]}}&#10;classpath:helpers/CreateToken.feature:8&#10;- com.intuit.karate.core.ScenarioBridge.callSingle(ScenarioBridge.java:234)&#10;- &lt;js&gt;.fn(Unnamed:22)&#10;&#10;- com.intuit.karate.graal.JsEngine.fromJsEvalException(JsEngine.java:230)&#10;- com.intuit.karate.core.ScenarioEngine.executeJsValue(ScenarioEngine.java:1244)&#10;- com.intuit.karate.core.ScenarioEngine.executeFunction(ScenarioEngine.java:1227)&#10;- com.intuit.karate.core.ScenarioEngine.getOrEvalAsMap(ScenarioEngine.java:1216)&#10;- com.intuit.karate.core.ScenarioRuntime.evalConfigJs(ScenarioRuntime.java:291)&#10;- com.intuit.karate.core.ScenarioRuntime.beforeRun(ScenarioRuntime.java:369)&#10;- com.intuit.karate.core.ScenarioRuntime.run(ScenarioRuntime.java:395)&#10;&#10;classpath:conduitApp/feature/Articles.feature:5&#10;classpath:conduitApp/feature/Articles.feature:6&#10;classpath:conduitApp/feature/Articles.feature:7&#10;classpath:conduitApp/feature/Articles.feature:8&#10;classpath:conduitApp/feature/Articles.feature:9&#10;classpath:conduitApp/feature/Articles.feature:10&#10;classpath:conduitApp/feature/Articles.feature:32&#10;classpath:conduitApp/feature/Articles.feature:33&#10;classpath:conduitApp/feature/Articles.feature:34&#10;classpath:conduitApp/feature/Articles.feature:35&#10;classpath:conduitApp/feature/Articles.feature:36&#10;classpath:conduitApp/feature/Articles.feature:39&#10;classpath:conduitApp/feature/Articles.feature:40&#10;classpath:conduitApp/feature/Articles.feature:41&#10;classpath:conduitApp/feature/Articles.feature:42&#10;classpath:conduitApp/feature/Articles.feature:43&#10;classpath:conduitApp/feature/Articles.feature:46&#10;classpath:conduitApp/feature/Articles.feature:47&#10;classpath:conduitApp/feature/Articles.feature:48&#10;classpath:conduitApp/feature/Articles.feature:50&#10;classpath:conduitApp/feature/Articles.feature:51&#10;classpath:conduitApp/feature/Articles.feature:52&#10;classpath:conduitApp/feature/Articles.feature:53&#10;classpath:conduitApp/feature/Articles.feature:54" type="org.opentest4j.AssertionFailedError"><![CDATA[org.opentest4j.AssertionFailedError: 
>> classpath:conduitApp/feature/Articles.feature:30
>> karate-config.js failed
>> js failed:
>>>>
01: function fn() {
02:   var env = karate.env; // get system property 'karate.env'
03:   karate.log('karate.env system property was:', env);
04:   if (!env) {
05:     env = 'dev';
06:   }
07:   var config = {
08:     
09:     apiUrl: 'https://api.realworld.io/api/'
10:   }
11:   if (env == 'dev') {
12:     
13:     config.userEmail = 'javierkarate1@test.com'
14:     config.userPassword = 'karate1234'
15: 
16:   } if (env == 'qa') {
17: 
18:     config.userEmail = 'javierkarate2@test.com'
19:     config.userPassword = 'karate1234'
20:   }
21: 
22:   var accesToken = karate.callSingle('classpath:helpers/CreateToken.feature', config).authToken
23:   karate.configure('headers',{Authorization: 'Token ' + accesToken})
24:   
25: 
26:   return config;
27: }
<<<<
org.graalvm.polyglot.PolyglotException: status code was: 403, expected: 200, response time in milliseconds: 757, url: https://api.realworld.io/api/users/login, response: 
{"errors":{"email or password":["is invalid"]}}
classpath:helpers/CreateToken.feature:8
- com.intuit.karate.core.ScenarioBridge.callSingle(ScenarioBridge.java:234)
- <js>.fn(Unnamed:22)

js failed:
>>>>
01: function fn() {
02:   var env = karate.env; // get system property 'karate.env'
03:   karate.log('karate.env system property was:', env);
04:   if (!env) {
05:     env = 'dev';
06:   }
07:   var config = {
08:     
09:     apiUrl: 'https://api.realworld.io/api/'
10:   }
11:   if (env == 'dev') {
12:     
13:     config.userEmail = 'javierkarate1@test.com'
14:     config.userPassword = 'karate1234'
15: 
16:   } if (env == 'qa') {
17: 
18:     config.userEmail = 'javierkarate2@test.com'
19:     config.userPassword = 'karate1234'
20:   }
21: 
22:   var accesToken = karate.callSingle('classpath:helpers/CreateToken.feature', config).authToken
23:   karate.configure('headers',{Authorization: 'Token ' + accesToken})
24:   
25: 
26:   return config;
27: }
<<<<
com.intuit.karate.KarateException: js failed:
>>>>
01: function fn() {
02:   var env = karate.env; // get system property 'karate.env'
03:   karate.log('karate.env system property was:', env);
04:   if (!env) {
05:     env = 'dev';
06:   }
07:   var config = {
08:     
09:     apiUrl: 'https://api.realworld.io/api/'
10:   }
11:   if (env == 'dev') {
12:     
13:     config.userEmail = 'javierkarate1@test.com'
14:     config.userPassword = 'karate1234'
15: 
16:   } if (env == 'qa') {
17: 
18:     config.userEmail = 'javierkarate2@test.com'
19:     config.userPassword = 'karate1234'
20:   }
21: 
22:   var accesToken = karate.callSingle('classpath:helpers/CreateToken.feature', config).authToken
23:   karate.configure('headers',{Authorization: 'Token ' + accesToken})
24:   
25: 
26:   return config;
27: }
<<<<
org.graalvm.polyglot.PolyglotException: status code was: 403, expected: 200, response time in milliseconds: 757, url: https://api.realworld.io/api/users/login, response: 
{"errors":{"email or password":["is invalid"]}}
classpath:helpers/CreateToken.feature:8
- com.intuit.karate.core.ScenarioBridge.callSingle(ScenarioBridge.java:234)
- <js>.fn(Unnamed:22)

- com.intuit.karate.graal.JsEngine.fromJsEvalException(JsEngine.java:230)
- com.intuit.karate.core.ScenarioEngine.executeJsValue(ScenarioEngine.java:1244)
- com.intuit.karate.core.ScenarioEngine.executeFunction(ScenarioEngine.java:1227)
- com.intuit.karate.core.ScenarioEngine.getOrEvalAsMap(ScenarioEngine.java:1216)
- com.intuit.karate.core.ScenarioRuntime.evalConfigJs(ScenarioRuntime.java:291)
- com.intuit.karate.core.ScenarioRuntime.beforeRun(ScenarioRuntime.java:369)
- com.intuit.karate.core.ScenarioRuntime.run(ScenarioRuntime.java:395)

classpath:conduitApp/feature/Articles.feature:5
classpath:conduitApp/feature/Articles.feature:6
classpath:conduitApp/feature/Articles.feature:7
classpath:conduitApp/feature/Articles.feature:8
classpath:conduitApp/feature/Articles.feature:9
classpath:conduitApp/feature/Articles.feature:10
classpath:conduitApp/feature/Articles.feature:32
classpath:conduitApp/feature/Articles.feature:33
classpath:conduitApp/feature/Articles.feature:34
classpath:conduitApp/feature/Articles.feature:35
classpath:conduitApp/feature/Articles.feature:36
classpath:conduitApp/feature/Articles.feature:39
classpath:conduitApp/feature/Articles.feature:40
classpath:conduitApp/feature/Articles.feature:41
classpath:conduitApp/feature/Articles.feature:42
classpath:conduitApp/feature/Articles.feature:43
classpath:conduitApp/feature/Articles.feature:46
classpath:conduitApp/feature/Articles.feature:47
classpath:conduitApp/feature/Articles.feature:48
classpath:conduitApp/feature/Articles.feature:50
classpath:conduitApp/feature/Articles.feature:51
classpath:conduitApp/feature/Articles.feature:52
classpath:conduitApp/feature/Articles.feature:53
classpath:conduitApp/feature/Articles.feature:54
]]></failure>
    <system-out><![CDATA[21:03:30.004 [main] INFO  com.intuit.karate - karate.env system property was: null 
21:03:30.006 [main] WARN  com.intuit.karate - callSingle() cached result is an exception
21:03:30.010 [main] ERROR com.intuit.karate - classpath:conduitApp/feature/Articles.feature:5
* url apiUrl
>> classpath:conduitApp/feature/Articles.feature:30
>> karate-config.js failed
>> js failed:
>>>>
01: function fn() {
02:   var env = karate.env; // get system property 'karate.env'
03:   karate.log('karate.env system property was:', env);
04:   if (!env) {
05:     env = 'dev';
06:   }
07:   var config = {
08:     
09:     apiUrl: 'https://api.realworld.io/api/'
10:   }
11:   if (env == 'dev') {
12:     
13:     config.userEmail = 'javierkarate1@test.com'
14:     config.userPassword = 'karate1234'
15: 
16:   } if (env == 'qa') {
17: 
18:     config.userEmail = 'javierkarate2@test.com'
19:     config.userPassword = 'karate1234'
20:   }
21: 
22:   var accesToken = karate.callSingle('classpath:helpers/CreateToken.feature', config).authToken
23:   karate.configure('headers',{Authorization: 'Token ' + accesToken})
24:   
25: 
26:   return config;
27: }
<<<<
org.graalvm.polyglot.PolyglotException: status code was: 403, expected: 200, response time in milliseconds: 757, url: https://api.realworld.io/api/users/login, response: 
{"errors":{"email or password":["is invalid"]}}
classpath:helpers/CreateToken.feature:8
- com.intuit.karate.core.ScenarioBridge.callSingle(ScenarioBridge.java:234)
- <js>.fn(Unnamed:22)

js failed:
>>>>
01: function fn() {
02:   var env = karate.env; // get system property 'karate.env'
03:   karate.log('karate.env system property was:', env);
04:   if (!env) {
05:     env = 'dev';
06:   }
07:   var config = {
08:     
09:     apiUrl: 'https://api.realworld.io/api/'
10:   }
11:   if (env == 'dev') {
12:     
13:     config.userEmail = 'javierkarate1@test.com'
14:     config.userPassword = 'karate1234'
15: 
16:   } if (env == 'qa') {
17: 
18:     config.userEmail = 'javierkarate2@test.com'
19:     config.userPassword = 'karate1234'
20:   }
21: 
22:   var accesToken = karate.callSingle('classpath:helpers/CreateToken.feature', config).authToken
23:   karate.configure('headers',{Authorization: 'Token ' + accesToken})
24:   
25: 
26:   return config;
27: }
<<<<
com.intuit.karate.KarateException: js failed:
>>>>
01: function fn() {
02:   var env = karate.env; // get system property 'karate.env'
03:   karate.log('karate.env system property was:', env);
04:   if (!env) {
05:     env = 'dev';
06:   }
07:   var config = {
08:     
09:     apiUrl: 'https://api.realworld.io/api/'
10:   }
11:   if (env == 'dev') {
12:     
13:     config.userEmail = 'javierkarate1@test.com'
14:     config.userPassword = 'karate1234'
15: 
16:   } if (env == 'qa') {
17: 
18:     config.userEmail = 'javierkarate2@test.com'
19:     config.userPassword = 'karate1234'
20:   }
21: 
22:   var accesToken = karate.callSingle('classpath:helpers/CreateToken.feature', config).authToken
23:   karate.configure('headers',{Authorization: 'Token ' + accesToken})
24:   
25: 
26:   return config;
27: }
<<<<
org.graalvm.polyglot.PolyglotException: status code was: 403, expected: 200, response time in milliseconds: 757, url: https://api.realworld.io/api/users/login, response: 
{"errors":{"email or password":["is invalid"]}}
classpath:helpers/CreateToken.feature:8
- com.intuit.karate.core.ScenarioBridge.callSingle(ScenarioBridge.java:234)
- <js>.fn(Unnamed:22)

- com.intuit.karate.graal.JsEngine.fromJsEvalException(JsEngine.java:230)
- com.intuit.karate.core.ScenarioEngine.executeJsValue(ScenarioEngine.java:1244)
- com.intuit.karate.core.ScenarioEngine.executeFunction(ScenarioEngine.java:1227)
- com.intuit.karate.core.ScenarioEngine.getOrEvalAsMap(ScenarioEngine.java:1216)
- com.intuit.karate.core.ScenarioRuntime.evalConfigJs(ScenarioRuntime.java:291)
- com.intuit.karate.core.ScenarioRuntime.beforeRun(ScenarioRuntime.java:369)
- com.intuit.karate.core.ScenarioRuntime.run(ScenarioRuntime.java:395)

classpath:conduitApp/feature/Articles.feature:5
21:03:30.010 [main] ERROR com.intuit.karate - classpath:conduitApp/feature/Articles.feature:6
* def articleRequestBody = read('classpath:conduitApp/json/newArticleRequest.json')
>> classpath:conduitApp/feature/Articles.feature:30
>> karate-config.js failed
>> js failed:
>>>>
01: function fn() {
02:   var env = karate.env; // get system property 'karate.env'
03:   karate.log('karate.env system property was:', env);
04:   if (!env) {
05:     env = 'dev';
06:   }
07:   var config = {
08:     
09:     apiUrl: 'https://api.realworld.io/api/'
10:   }
11:   if (env == 'dev') {
12:     
13:     config.userEmail = 'javierkarate1@test.com'
14:     config.userPassword = 'karate1234'
15: 
16:   } if (env == 'qa') {
17: 
18:     config.userEmail = 'javierkarate2@test.com'
19:     config.userPassword = 'karate1234'
20:   }
21: 
22:   var accesToken = karate.callSingle('classpath:helpers/CreateToken.feature', config).authToken
23:   karate.configure('headers',{Authorization: 'Token ' + accesToken})
24:   
25: 
26:   return config;
27: }
<<<<
org.graalvm.polyglot.PolyglotException: status code was: 403, expected: 200, response time in milliseconds: 757, url: https://api.realworld.io/api/users/login, response: 
{"errors":{"email or password":["is invalid"]}}
classpath:helpers/CreateToken.feature:8
- com.intuit.karate.core.ScenarioBridge.callSingle(ScenarioBridge.java:234)
- <js>.fn(Unnamed:22)

js failed:
>>>>
01: function fn() {
02:   var env = karate.env; // get system property 'karate.env'
03:   karate.log('karate.env system property was:', env);
04:   if (!env) {
05:     env = 'dev';
06:   }
07:   var config = {
08:     
09:     apiUrl: 'https://api.realworld.io/api/'
10:   }
11:   if (env == 'dev') {
12:     
13:     config.userEmail = 'javierkarate1@test.com'
14:     config.userPassword = 'karate1234'
15: 
16:   } if (env == 'qa') {
17: 
18:     config.userEmail = 'javierkarate2@test.com'
19:     config.userPassword = 'karate1234'
20:   }
21: 
22:   var accesToken = karate.callSingle('classpath:helpers/CreateToken.feature', config).authToken
23:   karate.configure('headers',{Authorization: 'Token ' + accesToken})
24:   
25: 
26:   return config;
27: }
<<<<
com.intuit.karate.KarateException: js failed:
>>>>
01: function fn() {
02:   var env = karate.env; // get system property 'karate.env'
03:   karate.log('karate.env system property was:', env);
04:   if (!env) {
05:     env = 'dev';
06:   }
07:   var config = {
08:     
09:     apiUrl: 'https://api.realworld.io/api/'
10:   }
11:   if (env == 'dev') {
12:     
13:     config.userEmail = 'javierkarate1@test.com'
14:     config.userPassword = 'karate1234'
15: 
16:   } if (env == 'qa') {
17: 
18:     config.userEmail = 'javierkarate2@test.com'
19:     config.userPassword = 'karate1234'
20:   }
21: 
22:   var accesToken = karate.callSingle('classpath:helpers/CreateToken.feature', config).authToken
23:   karate.configure('headers',{Authorization: 'Token ' + accesToken})
24:   
25: 
26:   return config;
27: }
<<<<
org.graalvm.polyglot.PolyglotException: status code was: 403, expected: 200, response time in milliseconds: 757, url: https://api.realworld.io/api/users/login, response: 
{"errors":{"email or password":["is invalid"]}}
classpath:helpers/CreateToken.feature:8
- com.intuit.karate.core.ScenarioBridge.callSingle(ScenarioBridge.java:234)
- <js>.fn(Unnamed:22)

- com.intuit.karate.graal.JsEngine.fromJsEvalException(JsEngine.java:230)
- com.intuit.karate.core.ScenarioEngine.executeJsValue(ScenarioEngine.java:1244)
- com.intuit.karate.core.ScenarioEngine.executeFunction(ScenarioEngine.java:1227)
- com.intuit.karate.core.ScenarioEngine.getOrEvalAsMap(ScenarioEngine.java:1216)
- com.intuit.karate.core.ScenarioRuntime.evalConfigJs(ScenarioRuntime.java:291)
- com.intuit.karate.core.ScenarioRuntime.beforeRun(ScenarioRuntime.java:369)
- com.intuit.karate.core.ScenarioRuntime.run(ScenarioRuntime.java:395)

classpath:conduitApp/feature/Articles.feature:5
classpath:conduitApp/feature/Articles.feature:6
21:03:30.010 [main] ERROR com.intuit.karate - classpath:conduitApp/feature/Articles.feature:7
* def dataGenerator = Java.type('helpers.DataGenerator')
>> classpath:conduitApp/feature/Articles.feature:30
>> karate-config.js failed
>> js failed:
>>>>
01: function fn() {
02:   var env = karate.env; // get system property 'karate.env'
03:   karate.log('karate.env system property was:', env);
04:   if (!env) {
05:     env = 'dev';
06:   }
07:   var config = {
08:     
09:     apiUrl: 'https://api.realworld.io/api/'
10:   }
11:   if (env == 'dev') {
12:     
13:     config.userEmail = 'javierkarate1@test.com'
14:     config.userPassword = 'karate1234'
15: 
16:   } if (env == 'qa') {
17: 
18:     config.userEmail = 'javierkarate2@test.com'
19:     config.userPassword = 'karate1234'
20:   }
21: 
22:   var accesToken = karate.callSingle('classpath:helpers/CreateToken.feature', config).authToken
23:   karate.configure('headers',{Authorization: 'Token ' + accesToken})
24:   
25: 
26:   return config;
27: }
<<<<
org.graalvm.polyglot.PolyglotException: status code was: 403, expected: 200, response time in milliseconds: 757, url: https://api.realworld.io/api/users/login, response: 
{"errors":{"email or password":["is invalid"]}}
classpath:helpers/CreateToken.feature:8
- com.intuit.karate.core.ScenarioBridge.callSingle(ScenarioBridge.java:234)
- <js>.fn(Unnamed:22)

js failed:
>>>>
01: function fn() {
02:   var env = karate.env; // get system property 'karate.env'
03:   karate.log('karate.env system property was:', env);
04:   if (!env) {
05:     env = 'dev';
06:   }
07:   var config = {
08:     
09:     apiUrl: 'https://api.realworld.io/api/'
10:   }
11:   if (env == 'dev') {
12:     
13:     config.userEmail = 'javierkarate1@test.com'
14:     config.userPassword = 'karate1234'
15: 
16:   } if (env == 'qa') {
17: 
18:     config.userEmail = 'javierkarate2@test.com'
19:     config.userPassword = 'karate1234'
20:   }
21: 
22:   var accesToken = karate.callSingle('classpath:helpers/CreateToken.feature', config).authToken
23:   karate.configure('headers',{Authorization: 'Token ' + accesToken})
24:   
25: 
26:   return config;
27: }
<<<<
com.intuit.karate.KarateException: js failed:
>>>>
01: function fn() {
02:   var env = karate.env; // get system property 'karate.env'
03:   karate.log('karate.env system property was:', env);
04:   if (!env) {
05:     env = 'dev';
06:   }
07:   var config = {
08:     
09:     apiUrl: 'https://api.realworld.io/api/'
[...]
19:     config.userPassword = 'karate1234'
20:   }
21: 
22:   var accesToken = karate.callSingle('classpath:helpers/CreateToken.feature', config).authToken
23:   karate.configure('headers',{Authorization: 'Token ' + accesToken})
24:   
25: 
26:   return config;
27: }
<<<<
org.graalvm.polyglot.PolyglotException: status code was: 403, expected: 200, response time in milliseconds: 757, url: https://api.realworld.io/api/users/login, response: 
{"errors":{"email or password":["is invalid"]}}
classpath:helpers/CreateToken.feature:8
- com.intuit.karate.core.ScenarioBridge.callSingle(ScenarioBridge.java:234)
- <js>.fn(Unnamed:22)

js failed:
>>>>
01: function fn() {
02:   var env = karate.env; // get system property 'karate.env'
03:   karate.log('karate.env system property was:', env);
04:   if (!env) {
05:     env = 'dev';
06:   }
07:   var config = {
08:     
09:     apiUrl: 'https://api.realworld.io/api/'
10:   }
11:   if (env == 'dev') {
12:     
13:     config.userEmail = 'javierkarate1@test.com'
14:     config.userPassword = 'karate1234'
15: 
16:   } if (env == 'qa') {
17: 
18:     config.userEmail = 'javierkarate2@test.com'
19:     config.userPassword = 'karate1234'
20:   }
21: 
22:   var accesToken = karate.callSingle('classpath:helpers/CreateToken.feature', config).authToken
23:   karate.configure('headers',{Authorization: 'Token ' + accesToken})
24:   
25: 
26:   return config;
27: }
<<<<
com.intuit.karate.KarateException: js failed:
>>>>
01: function fn() {
02:   var env = karate.env; // get system property 'karate.env'
03:   karate.log('karate.env system property was:', env);
04:   if (!env) {
05:     env = 'dev';
06:   }
07:   var config = {
08:     
09:     apiUrl: 'https://api.realworld.io/api/'
10:   }
11:   if (env == 'dev') {
12:     
13:     config.userEmail = 'javierkarate1@test.com'
14:     config.userPassword = 'karate1234'
15: 
16:   } if (env == 'qa') {
17: 
18:     config.userEmail = 'javierkarate2@test.com'
19:     config.userPassword = 'karate1234'
20:   }
21: 
22:   var accesToken = karate.callSingle('classpath:helpers/CreateToken.feature', config).authToken
23:   karate.configure('headers',{Authorization: 'Token ' + accesToken})
24:   
25: 
26:   return config;
27: }
<<<<
org.graalvm.polyglot.PolyglotException: status code was: 403, expected: 200, response time in milliseconds: 757, url: https://api.realworld.io/api/users/login, response: 
{"errors":{"email or password":["is invalid"]}}
classpath:helpers/CreateToken.feature:8
- com.intuit.karate.core.ScenarioBridge.callSingle(ScenarioBridge.java:234)
- <js>.fn(Unnamed:22)

- com.intuit.karate.graal.JsEngine.fromJsEvalException(JsEngine.java:230)
- com.intuit.karate.core.ScenarioEngine.executeJsValue(ScenarioEngine.java:1244)
- com.intuit.karate.core.ScenarioEngine.executeFunction(ScenarioEngine.java:1227)
- com.intuit.karate.core.ScenarioEngine.getOrEvalAsMap(ScenarioEngine.java:1216)
- com.intuit.karate.core.ScenarioRuntime.evalConfigJs(ScenarioRuntime.java:291)
- com.intuit.karate.core.ScenarioRuntime.beforeRun(ScenarioRuntime.java:369)
- com.intuit.karate.core.ScenarioRuntime.run(ScenarioRuntime.java:395)

classpath:conduitApp/feature/HomePage.feature:5
classpath:conduitApp/feature/HomePage.feature:9
classpath:conduitApp/feature/HomePage.feature:10
classpath:conduitApp/feature/HomePage.feature:11
classpath:conduitApp/feature/HomePage.feature:12
classpath:conduitApp/feature/HomePage.feature:13
classpath:conduitApp/feature/HomePage.feature:14
classpath:conduitApp/feature/HomePage.feature:15
classpath:conduitApp/feature/HomePage.feature:16
>> classpath:conduitApp/feature/HomePage.feature:19
>> karate-config.js failed
>> js failed:
>>>>
01: function fn() {
02:   var env = karate.env; // get system property 'karate.env'
03:   karate.log('karate.env system property was:', env);
04:   if (!env) {
05:     env = 'dev';
06:   }
07:   var config = {
08:     
09:     apiUrl: 'https://api.realworld.io/api/'
10:   }
11:   if (env == 'dev') {
12:     
13:     config.userEmail = 'javierkarate1@test.com'
14:     config.userPassword = 'karate1234'
15: 
16:   } if (env == 'qa') {
17: 
18:     config.userEmail = 'javierkarate2@test.com'
19:     config.userPassword = 'karate1234'
20:   }
21: 
22:   var accesToken = karate.callSingle('classpath:helpers/CreateToken.feature', config).authToken
23:   karate.configure('headers',{Authorization: 'Token ' + accesToken})
24:   
25: 
26:   return config;
27: }
<<<<
org.graalvm.polyglot.PolyglotException: status code was: 403, expected: 200, response time in milliseconds: 757, url: https://api.realworld.io/api/users/login, response: 
{"errors":{"email or password":["is invalid"]}}
classpath:helpers/CreateToken.feature:8
- com.intuit.karate.core.ScenarioBridge.callSingle(ScenarioBridge.java:234)
- <js>.fn(Unnamed:22)

js failed:
>>>>
01: function fn() {
02:   var env = karate.env; // get system property 'karate.env'
03:   karate.log('karate.env system property was:', env);
04:   if (!env) {
05:     env = 'dev';
06:   }
07:   var config = {
08:     
09:     apiUrl: 'https://api.realworld.io/api/'
10:   }
11:   if (env == 'dev') {
12:     
13:     config.userEmail = 'javierkarate1@test.com'
14:     config.userPassword = 'karate1234'
15: 
16:   } if (env == 'qa') {
17: 
18:     config.userEmail = 'javierkarate2@test.com'
19:     config.userPassword = 'karate1234'
20:   }
21: 
22:   var accesToken = karate.callSingle('classpath:helpers/CreateToken.feature', config).authToken
23:   karate.configure('headers',{Authorization: 'Token ' + accesToken})
24:   
25: 
26:   return config;
27: }
<<<<
com.intuit.karate.KarateException: js failed:
>>>>
01: function fn() {
02:   var env = karate.env; // get system property 'karate.env'
03:   karate.log('karate.env system property was:', env);
04:   if (!env) {
05:     env = 'dev';
06:   }
07:   var config = {
08:     
09:     apiUrl: 'https://api.realworld.io/api/'
10:   }
11:   if (env == 'dev') {
12:     
13:     config.userEmail = 'javierkarate1@test.com'
14:     config.userPassword = 'karate1234'
15: 
16:   } if (env == 'qa') {
17: 
18:     config.userEmail = 'javierkarate2@test.com'
19:     config.userPassword = 'karate1234'
20:   }
21: 
22:   var accesToken = karate.callSingle('classpath:helpers/CreateToken.feature', config).authToken
23:   karate.configure('headers',{Authorization: 'Token ' + accesToken})
24:   
25: 
26:   return config;
27: }
<<<<
org.graalvm.polyglot.PolyglotException: status code was: 403, expected: 200, response time in milliseconds: 757, url: https://api.realworld.io/api/users/login, response: 
{"errors":{"email or password":["is invalid"]}}
classpath:helpers/CreateToken.feature:8
- com.intuit.karate.core.ScenarioBridge.callSingle(ScenarioBridge.java:234)
- <js>.fn(Unnamed:22)

- com.intuit.karate.graal.JsEngine.fromJsEvalException(JsEngine.java:230)
- com.intuit.karate.core.ScenarioEngine.executeJsValue(ScenarioEngine.java:1244)
- com.intuit.karate.core.ScenarioEngine.executeFunction(ScenarioEngine.java:1227)
- com.intuit.karate.core.ScenarioEngine.getOrEvalAsMap(ScenarioEngine.java:1216)
- com.intuit.karate.core.ScenarioRuntime.evalConfigJs(ScenarioRuntime.java:291)
- com.intuit.karate.core.ScenarioRuntime.beforeRun(ScenarioRuntime.java:369)
- com.intuit.karate.core.ScenarioRuntime.run(ScenarioRuntime.java:395)

classpath:conduitApp/feature/HomePage.feature:5
classpath:conduitApp/feature/HomePage.feature:20
classpath:conduitApp/feature/HomePage.feature:21
classpath:conduitApp/feature/HomePage.feature:22
classpath:conduitApp/feature/HomePage.feature:23
classpath:conduitApp/feature/HomePage.feature:24
classpath:conduitApp/feature/HomePage.feature:25
classpath:conduitApp/feature/HomePage.feature:26
classpath:conduitApp/feature/HomePage.feature:27
classpath:conduitApp/feature/HomePage.feature:28
classpath:conduitApp/feature/HomePage.feature:29
classpath:conduitApp/feature/HomePage.feature:30
classpath:conduitApp/feature/HomePage.feature:31
classpath:conduitApp/feature/HomePage.feature:32
classpath:conduitApp/feature/HomePage.feature:33
>> classpath:conduitApp/feature/HomePage.feature:54
>> karate-config.js failed
>> js failed:
>>>>
01: function fn() {
02:   var env = karate.env; // get system property 'karate.env'
03:   karate.log('karate.env system property was:', env);
04:   if (!env) {
05:     env = 'dev';
06:   }
07:   var config = {
08:     
09:     apiUrl: 'https://api.realworld.io/api/'
10:   }
11:   if (env == 'dev') {
12:     
13:     config.userEmail = 'javierkarate1@test.com'
14:     config.userPassword = 'karate1234'
15: 
16:   } if (env == 'qa') {
17: 
18:     config.userEmail = 'javierkarate2@test.com'
19:     config.userPassword = 'karate1234'
20:   }
21: 
22:   var accesToken = karate.callSingle('classpath:helpers/CreateToken.feature', config).authToken
23:   karate.configure('headers',{Authorization: 'Token ' + accesToken})
24:   
25: 
26:   return config;
27: }
<<<<
org.graalvm.polyglot.PolyglotException: status code was: 403, expected: 200, response time in milliseconds: 757, url: https://api.realworld.io/api/users/login, response: 
{"errors":{"email or password":["is invalid"]}}
classpath:helpers/CreateToken.feature:8
- com.intuit.karate.core.ScenarioBridge.callSingle(ScenarioBridge.java:234)
- <js>.fn(Unnamed:22)

js failed:
>>>>
01: function fn() {
02:   var env = karate.env; // get system property 'karate.env'
03:   karate.log('karate.env system property was:', env);
04:   if (!env) {
05:     env = 'dev';
06:   }
07:   var config = {
08:     
09:     apiUrl: 'https://api.realworld.io/api/'
10:   }
11:   if (env == 'dev') {
12:     
13:     config.userEmail = 'javierkarate1@test.com'
14:     config.userPassword = 'karate1234'
15: 
16:   } if (env == 'qa') {
17: 
18:     config.userEmail = 'javierkarate2@test.com'
19:     config.userPassword = 'karate1234'
20:   }
21: 
22:   var accesToken = karate.callSingle('classpath:helpers/CreateToken.feature', config).authToken
23:   karate.configure('headers',{Authorization: 'Token ' + accesToken})
24:   
25: 
26:   return config;
27: }
<<<<
com.intuit.karate.KarateException: js failed:
>>>>
01: function fn() {
02:   var env = karate.env; // get system property 'karate.env'
03:   karate.log('karate.env system property was:', env);
04:   if (!env) {
05:     env = 'dev';
06:   }
07:   var config = {
08:     
09:     apiUrl: 'https://api.realworld.io/api/'
10:   }
11:   if (env == 'dev') {
12:     
13:     config.userEmail = 'javierkarate1@test.com'
14:     config.userPassword = 'karate1234'
15: 
16:   } if (env == 'qa') {
17: 
18:     config.userEmail = 'javierkarate2@test.com'
19:     config.userPassword = 'karate1234'
20:   }
21: 
22:   var accesToken = karate.callSingle('classpath:helpers/CreateToken.feature', config).authToken
23:   karate.configure('headers',{Authorization: 'Token ' + accesToken})
24:   
25: 
26:   return config;
27: }
<<<<
org.graalvm.polyglot.PolyglotException: status code was: 403, expected: 200, response time in milliseconds: 757, url: https://api.realworld.io/api/users/login, response: 
{"errors":{"email or password":["is invalid"]}}
classpath:helpers/CreateToken.feature:8
- com.intuit.karate.core.ScenarioBridge.callSingle(ScenarioBridge.java:234)
- <js>.fn(Unnamed:22)

- com.intuit.karate.graal.JsEngine.fromJsEvalException(JsEngine.java:230)
- com.intuit.karate.core.ScenarioEngine.executeJsValue(ScenarioEngine.java:1244)
- com.intuit.karate.core.ScenarioEngine.executeFunction(ScenarioEngine.java:1227)
- com.intuit.karate.core.ScenarioEngine.getOrEvalAsMap(ScenarioEngine.java:1216)
- com.intuit.karate.core.ScenarioRuntime.evalConfigJs(ScenarioRuntime.java:291)
- com.intuit.karate.core.ScenarioRuntime.beforeRun(ScenarioRuntime.java:369)
- com.intuit.karate.core.ScenarioRuntime.run(ScenarioRuntime.java:395)

classpath:conduitApp/feature/HomePage.feature:5
classpath:conduitApp/feature/HomePage.feature:55
classpath:conduitApp/feature/HomePage.feature:56
classpath:conduitApp/feature/HomePage.feature:57
>> classpath:conduitApp/feature/HomePage.feature:59
>> karate-config.js failed
>> js failed:
>>>>
01: function fn() {
02:   var env = karate.env; // get system property 'karate.env'
03:   karate.log('karate.env system property was:', env);
04:   if (!env) {
05:     env = 'dev';
06:   }
07:   var config = {
08:     
09:     apiUrl: 'https://api.realworld.io/api/'
10:   }
11:   if (env == 'dev') {
12:     
13:     config.userEmail = 'javierkarate1@test.com'
14:     config.userPassword = 'karate1234'
15: 
16:   } if (env == 'qa') {
17: 
18:     config.userEmail = 'javierkarate2@test.com'
19:     config.userPassword = 'karate1234'
20:   }
21: 
22:   var accesToken = karate.callSingle('classpath:helpers/CreateToken.feature', config).authToken
23:   karate.configure('headers',{Authorization: 'Token ' + accesToken})
24:   
25: 
26:   return config;
27: }
<<<<
org.graalvm.polyglot.PolyglotException: status code was: 403, expected: 200, response time in milliseconds: 757, url: https://api.realworld.io/api/users/login, response: 
{"errors":{"email or password":["is invalid"]}}
classpath:helpers/CreateToken.feature:8
- com.intuit.karate.core.ScenarioBridge.callSingle(ScenarioBridge.java:234)
- <js>.fn(Unnamed:22)

js failed:
>>>>
01: function fn() {
02:   var env = karate.env; // get system property 'karate.env'
03:   karate.log('karate.env system property was:', env);
04:   if (!env) {
05:     env = 'dev';
06:   }
07:   var config = {
08:     
09:     apiUrl: 'https://api.realworld.io/api/'
10:   }
11:   if (env == 'dev') {
12:     
13:     config.userEmail = 'javierkarate1@test.com'
14:     config.userPassword = 'karate1234'
15: 
16:   } if (env == 'qa') {
17: 
18:     config.userEmail = 'javierkarate2@test.com'
19:     config.userPassword = 'karate1234'
20:   }
21: 
22:   var accesToken = karate.callSingle('classpath:helpers/CreateToken.feature', config).authToken
23:   karate.configure('headers',{Authorization: 'Token ' + accesToken})
24:   
25: 
26:   return config;
27: }
<<<<
com.intuit.karate.KarateException: js failed:
>>>>
01: function fn() {
02:   var env = karate.env; // get system property 'karate.env'
03:   karate.log('karate.env system property was:', env);
04:   if (!env) {
05:     env = 'dev';
06:   }
07:   var config = {
08:     
09:     apiUrl: 'https://api.realworld.io/api/'
10:   }
11:   if (env == 'dev') {
12:     
13:     config.userEmail = 'javierkarate1@test.com'
14:     config.userPassword = 'karate1234'
15: 
16:   } if (env == 'qa') {
17: 
18:     config.userEmail = 'javierkarate2@test.com'
19:     config.userPassword = 'karate1234'
20:   }
21: 
22:   var accesToken = karate.callSingle('classpath:helpers/CreateToken.feature', config).authToken
23:   karate.configure('headers',{Authorization: 'Token ' + accesToken})
24:   
25: 
26:   return config;
27: }
<<<<
org.graalvm.polyglot.PolyglotException: status code was: 403, expected: 200, response time in milliseconds: 757, url: https://api.realworld.io/api/users/login, response: 
{"errors":{"email or password":["is invalid"]}}
classpath:helpers/CreateToken.feature:8
- com.intuit.karate.core.ScenarioBridge.callSingle(ScenarioBridge.java:234)
- <js>.fn(Unnamed:22)

- com.intuit.karate.graal.JsEngine.fromJsEvalException(JsEngine.java:230)
- com.intuit.karate.core.ScenarioEngine.executeJsValue(ScenarioEngine.java:1244)
- com.intuit.karate.core.ScenarioEngine.executeFunction(ScenarioEngine.java:1227)
- com.intuit.karate.core.ScenarioEngine.getOrEvalAsMap(ScenarioEngine.java:1216)
- com.intuit.karate.core.ScenarioRuntime.evalConfigJs(ScenarioRuntime.java:291)
- com.intuit.karate.core.ScenarioRuntime.beforeRun(ScenarioRuntime.java:369)
- com.intuit.karate.core.ScenarioRuntime.run(ScenarioRuntime.java:395)

classpath:conduitApp/feature/HomePage.feature:5
classpath:conduitApp/feature/HomePage.feature:60
classpath:conduitApp/feature/HomePage.feature:61
classpath:conduitApp/feature/HomePage.feature:62
>> classpath:conduitApp/feature/WorkWithDb.feature:9
>> karate-config.js failed
>> js failed:
>>>>
01: function fn() {
02:   var env = karate.env; // get system property 'karate.env'
03:   karate.log('karate.env system property was:', env);
04:   if (!env) {
05:     env = 'dev';
06:   }
07:   var config = {
08:     
09:     apiUrl: 'https://api.realworld.io/api/'
10:   }
11:   if (env == 'dev') {
12:     
13:     config.userEmail = 'javierkarate1@test.com'
14:     config.userPassword = 'karate1234'
15: 
16:   } if (env == 'qa') {
17: 
18:     config.userEmail = 'javierkarate2@test.com'
19:     config.userPassword = 'karate1234'
20:   }
21: 
22:   var accesToken = karate.callSingle('classpath:helpers/CreateToken.feature', config).authToken
23:   karate.configure('headers',{Authorization: 'Token ' + accesToken})
24:   
25: 
26:   return config;
27: }
<<<<
org.graalvm.polyglot.PolyglotException: status code was: 403, expected: 200, response time in milliseconds: 757, url: https://api.realworld.io/api/users/login, response: 
{"errors":{"email or password":["is invalid"]}}
classpath:helpers/CreateToken.feature:8
- com.intuit.karate.core.ScenarioBridge.callSingle(ScenarioBridge.java:234)
- <js>.fn(Unnamed:22)

js failed:
>>>>
01: function fn() {
02:   var env = karate.env; // get system property 'karate.env'
03:   karate.log('karate.env system property was:', env);
04:   if (!env) {
05:     env = 'dev';
06:   }
07:   var config = {
08:     
09:     apiUrl: 'https://api.realworld.io/api/'
10:   }
11:   if (env == 'dev') {
12:     
13:     config.userEmail = 'javierkarate1@test.com'
14:     config.userPassword = 'karate1234'
15: 
16:   } if (env == 'qa') {
17: 
18:     config.userEmail = 'javierkarate2@test.com'
19:     config.userPassword = 'karate1234'
20:   }
21: 
22:   var accesToken = karate.callSingle('classpath:helpers/CreateToken.feature', config).authToken
23:   karate.configure('headers',{Authorization: 'Token ' + accesToken})
24:   
25: 
26:   return config;
27: }
<<<<
com.intuit.karate.KarateException: js failed:
>>>>
01: function fn() {
02:   var env = karate.env; // get system property 'karate.env'
03:   karate.log('karate.env system property was:', env);
04:   if (!env) {
05:     env = 'dev';
06:   }
07:   var config = {
08:     
09:     apiUrl: 'https://api.realworld.io/api/'
10:   }
11:   if (env == 'dev') {
12:     
13:     config.userEmail = 'javierkarate1@test.com'
14:     config.userPassword = 'karate1234'
15: 
16:   } if (env == 'qa') {
17: 
18:     config.userEmail = 'javierkarate2@test.com'
19:     config.userPassword = 'karate1234'
20:   }
21: 
22:   var accesToken = karate.callSingle('classpath:helpers/CreateToken.feature', config).authToken
23:   karate.configure('headers',{Authorization: 'Token ' + accesToken})
24:   
25: 
26:   return config;
27: }
<<<<
org.graalvm.polyglot.PolyglotException: status code was: 403, expected: 200, response time in milliseconds: 757, url: https://api.realworld.io/api/users/login, response: 
{"errors":{"email or password":["is invalid"]}}
classpath:helpers/CreateToken.feature:8
- com.intuit.karate.core.ScenarioBridge.callSingle(ScenarioBridge.java:234)
- <js>.fn(Unnamed:22)

- com.intuit.karate.graal.JsEngine.fromJsEvalException(JsEngine.java:230)
- com.intuit.karate.core.ScenarioEngine.executeJsValue(ScenarioEngine.java:1244)
- com.intuit.karate.core.ScenarioEngine.executeFunction(ScenarioEngine.java:1227)
- com.intuit.karate.core.ScenarioEngine.getOrEvalAsMap(ScenarioEngine.java:1216)
- com.intuit.karate.core.ScenarioRuntime.evalConfigJs(ScenarioRuntime.java:291)
- com.intuit.karate.core.ScenarioRuntime.beforeRun(ScenarioRuntime.java:369)
- com.intuit.karate.core.ScenarioRuntime.run(ScenarioRuntime.java:395)

classpath:conduitApp/feature/WorkWithDb.feature:6
classpath:conduitApp/feature/WorkWithDb.feature:10
<<<

HTML report: (paste into browser to view) | Karate version: 1.1.0
file:///Users/jtapiat/Documents/javier/myproject1/target/karate-reports/karate-summary.html
===================================================================

]]></system-out>
  </testcase>
</testsuite>